Unity Editor version:    2022.3.10f1 (ff3792e53c62)
Branch:                  2022.3/staging
Build type:              Release
Batch mode:              YES
macOS version:           Version 14.0 (Build 23A344)
Darwin version:          23.0.0
Architecture:            arm64
Running under Rosetta:   NO
Available memory:        8192 MB
Using pre-set license
Pro License: YES

COMMAND LINE ARGUMENTS:
/Applications/Unity/Hub/Editor/2022.3.10f1/Unity.app/Contents/MacOS/Unity
-adb2
-batchMode
-noUpm
-name
AssetImportWorker0
-projectPath
/Users/arpan/Documents/GitHub/Shattered-Shadows
-logFile
Logs/AssetImportWorker0.log
-srvPort
62601
Successfully changed project path to: /Users/arpan/Documents/GitHub/Shattered-Shadows
/Users/arpan/Documents/GitHub/Shattered-Shadows
[UnityMemory] Configuration Parameters - Can be set up in boot.config
    "memorysetup-bucket-allocator-granularity=16"
    "memorysetup-bucket-allocator-bucket-count=8"
    "memorysetup-bucket-allocator-block-size=33554432"
    "memorysetup-bucket-allocator-block-count=8"
    "memorysetup-main-allocator-block-size=16777216"
    "memorysetup-thread-allocator-block-size=16777216"
    "memorysetup-gfx-main-allocator-block-size=16777216"
    "memorysetup-gfx-thread-allocator-block-size=16777216"
    "memorysetup-cache-allocator-block-size=4194304"
    "memorysetup-typetree-allocator-block-size=2097152"
    "memorysetup-profiler-bucket-allocator-granularity=16"
    "memorysetup-profiler-bucket-allocator-bucket-count=8"
    "memorysetup-profiler-bucket-allocator-block-size=33554432"
    "memorysetup-profiler-bucket-allocator-block-count=8"
    "memorysetup-profiler-allocator-block-size=16777216"
    "memorysetup-profiler-editor-allocator-block-size=1048576"
    "memorysetup-temp-allocator-size-main=16777216"
    "memorysetup-job-temp-allocator-block-size=2097152"
    "memorysetup-job-temp-allocator-block-size-background=1048576"
    "memorysetup-job-temp-allocator-reduction-small-platforms=262144"
    "memorysetup-allocator-temp-initial-block-size-main=262144"
    "memorysetup-allocator-temp-initial-block-size-worker=262144"
    "memorysetup-temp-allocator-size-background-worker=32768"
    "memorysetup-temp-allocator-size-job-worker=262144"
    "memorysetup-temp-allocator-size-preload-manager=33554432"
    "memorysetup-temp-allocator-size-nav-mesh-worker=65536"
    "memorysetup-temp-allocator-size-audio-worker=65536"
    "memorysetup-temp-allocator-size-cloud-worker=32768"
    "memorysetup-temp-allocator-size-gi-baking-worker=262144"
    "memorysetup-temp-allocator-size-gfx=262144"
Player connection [8059327232] Host "[IP] 192.168.2.13 [Port] 0 [Flags] 2 [Guid] 3046993850 [EditorId] 3046993850 [Version] 1048832 [Id] OSXEditor(0,Arpans-Air) [Debug] 1 [PackageName] OSXEditor [ProjectName] Editor" joined multi-casting on [225.0.0.222:54997]...

Player connection [8059327232] Host "[IP] 192.168.2.13 [Port] 0 [Flags] 2 [Guid] 3046993850 [EditorId] 3046993850 [Version] 1048832 [Id] OSXEditor(0,Arpans-Air) [Debug] 1 [PackageName] OSXEditor [ProjectName] Editor" joined alternative multi-casting on [225.0.0.222:34997]...

[Physics::Module] Initialized MultithreadedJobDispatcher with 7 workers.
Refreshing native plugins compatible for Editor in 9.57 ms, found 2 plugins.
Preloading 0 native plugins for Editor in 0.00 ms.
Initialize engine version: 2022.3.10f1 (ff3792e53c62)
[Subsystems] Discovering subsystems at path /Applications/Unity/Hub/Editor/2022.3.10f1/Unity.app/Contents/Resources/UnitySubsystems
[Subsystems] Discovering subsystems at path /Users/arpan/Documents/GitHub/Shattered-Shadows/Assets
GfxDevice: creating device client; threaded=0; jobified=0
 preferred device: Apple M2 (high power)
Metal devices available: 1
0: Apple M2 (high power)
Using device Apple M2 (high power)
Initializing Metal device caps: Apple M2
Initialize mono
Mono path[0] = '/Applications/Unity/Hub/Editor/2022.3.10f1/Unity.app/Contents/Managed'
Mono path[1] = '/Applications/Unity/Hub/Editor/2022.3.10f1/Unity.app/Contents/MonoBleedingEdge/lib/mono/unityjit-macos'
Mono config path = '/Applications/Unity/Hub/Editor/2022.3.10f1/Unity.app/Contents/MonoBleedingEdge/etc'
Using monoOptions --debugger-agent=transport=dt_socket,embedding=1,server=y,suspend=n,address=127.0.0.1:56173
Begin MonoManager ReloadAssembly
Registering precompiled unity dll's ...
Register platform support module: /Applications/Unity/Hub/Editor/2022.3.10f1/PlaybackEngines/WebGLSupport/UnityEditor.WebGL.Extensions.dll
Register platform support module: /Applications/Unity/Hub/Editor/2022.3.10f1/Unity.app/Contents/PlaybackEngines/MacStandaloneSupport/UnityEditor.OSXStandalone.Extensions.dll
Registered in 0.002967 seconds.
- Loaded All Assemblies, in  0.275 seconds
Native extension for OSXStandalone target not found
Native extension for WebGL target not found
Mono: successfully reloaded assembly
- Finished resetting the current domain, in  0.141 seconds
Domain Reload Profiling: 417ms
	BeginReloadAssembly (108ms)
		ExecutionOrderSort (0ms)
		DisableScriptedObjects (0ms)
		BackupInstance (0ms)
		ReleaseScriptingObjects (0ms)
		CreateAndSetChildDomain (1ms)
	RebuildCommonClasses (26ms)
	RebuildNativeTypeToScriptingClass (7ms)
	initialDomainReloadingComplete (33ms)
	LoadAllAssembliesAndSetupDomain (100ms)
		LoadAssemblies (108ms)
		RebuildTransferFunctionScriptingTraits (0ms)
		AnalyzeDomain (98ms)
			TypeCache.Refresh (97ms)
				TypeCache.ScanAssembly (86ms)
			ScanForSourceGeneratedMonoScriptInfo (0ms)
			ResolveRequiredComponents (1ms)
	FinalizeReload (142ms)
		ReleaseScriptCaches (0ms)
		RebuildScriptCaches (0ms)
		SetupLoadedEditorAssemblies (105ms)
			LogAssemblyErrors (0ms)
			InitializePlatformSupportModulesInManaged (5ms)
			SetLoadedEditorAssemblies (3ms)
			RefreshPlugins (0ms)
			BeforeProcessingInitializeOnLoad (1ms)
			ProcessInitializeOnLoadAttributes (71ms)
			ProcessInitializeOnLoadMethodAttributes (25ms)
			AfterProcessingInitializeOnLoad (0ms)
			EditorAssembliesLoaded (0ms)
		ExecutionOrderSort2 (0ms)
		AwakeInstancesAfterBackupRestoration (0ms)
========================================================================
Worker process is ready to serve import requests
Begin MonoManager ReloadAssembly
- Loaded All Assemblies, in  0.439 seconds
Refreshing native plugins compatible for Editor in 0.85 ms, found 2 plugins.
Native extension for OSXStandalone target not found
Native extension for WebGL target not found
Package Manager log level set to [2]
[Package Manager] Server::EnsureServerProcessIsRunning -- launch failed, reason: Unity was launched with the -noUpm command-line argument
[Package Manager] UpmClient::Send -- Unable to send message (not connected to UPM process).
[Package Manager] Cannot connect to Unity Package Manager local server
Mono: successfully reloaded assembly
- Finished resetting the current domain, in  0.403 seconds
Domain Reload Profiling: 843ms
	BeginReloadAssembly (75ms)
		ExecutionOrderSort (0ms)
		DisableScriptedObjects (3ms)
		BackupInstance (0ms)
		ReleaseScriptingObjects (0ms)
		CreateAndSetChildDomain (16ms)
	RebuildCommonClasses (21ms)
	RebuildNativeTypeToScriptingClass (7ms)
	initialDomainReloadingComplete (20ms)
	LoadAllAssembliesAndSetupDomain (316ms)
		LoadAssemblies (192ms)
		RebuildTransferFunctionScriptingTraits (0ms)
		AnalyzeDomain (155ms)
			TypeCache.Refresh (144ms)
				TypeCache.ScanAssembly (121ms)
			ScanForSourceGeneratedMonoScriptInfo (8ms)
			ResolveRequiredComponents (3ms)
	FinalizeReload (403ms)
		ReleaseScriptCaches (0ms)
		RebuildScriptCaches (0ms)
		SetupLoadedEditorAssemblies (312ms)
			LogAssemblyErrors (0ms)
			InitializePlatformSupportModulesInManaged (3ms)
			SetLoadedEditorAssemblies (2ms)
			RefreshPlugins (0ms)
			BeforeProcessingInitializeOnLoad (30ms)
			ProcessInitializeOnLoadAttributes (266ms)
			ProcessInitializeOnLoadMethodAttributes (9ms)
			AfterProcessingInitializeOnLoad (1ms)
			EditorAssembliesLoaded (0ms)
		ExecutionOrderSort2 (0ms)
		AwakeInstancesAfterBackupRestoration (2ms)
Launching external process: /Applications/Unity/Hub/Editor/2022.3.10f1/Unity.app/Contents/Tools/UnityShaderCompiler
Launched and connected shader compiler UnityShaderCompiler after 0.23 seconds
Refreshing native plugins compatible for Editor in 0.59 ms, found 2 plugins.
Preloading 0 native plugins for Editor in 0.00 ms.
Unloading 3254 Unused Serialized files (Serialized files now loaded: 0)
Unloading 47 unused Assets / (0.9 MB). Loaded Objects now: 3719.
Memory consumption went from 131.6 MB to 130.8 MB.
Total: 5.753125 ms (FindLiveObjects: 0.175791 ms CreateObjectMapping: 0.057667 ms MarkObjects: 4.927083 ms  DeleteObjects: 0.591958 ms)

AssetImportParameters requested are different than current active one (requested -> active):
  custom:container-demuxer-ogg: 62fdf1f143b41e24485cea50d1cbac27 -> 
  custom:video-decoder-ogg-theora: a1e56fd34408186e4bbccfd4996cb3dc -> 
  custom:container-demuxer-webm: 4f35f7cbe854078d1ac9338744f61a02 -> 
  custom:container-muxer-webm: aa71ff27fc2769a1b78a27578f13a17b -> 
  custom:video-decoder-webm-vp8: 9c59270c3fd7afecdb556c50c9e8de78 -> 
  custom:AudioImporter_EditorPlatform: 3918e3fc78b5a79bad01e8451be0beb8 -> 
  custom:framework-osx-AVFoundation: e770b220cccbd017edd2c1fefb359320 -> 
  custom:video-encoder-webm-vp8: eb34c28f22e8b96e1ab97ce403110664 -> 
  custom:audio-decoder-ogg-vorbis: bf7c407c2cedff20999df2af8eb42d56 -> 
  custom:audio-encoder-webm-vorbis: bf7c407c2cedff20999df2af8eb42d56 -> 
========================================================================
Received Import Request.
  Time since last request: 3293668.719468 seconds.
  path: Assets/TerrainData_47c4d916-cc65-4189-ae88-bc2cb0ba4f5e.asset
  artifactKey: Guid(35c54b5daf04b4648bfe1b40acd7da15) Importer(815301076,1909f56bfc062723c751e8b465ee728b)
Start importing Assets/TerrainData_47c4d916-cc65-4189-ae88-bc2cb0ba4f5e.asset using Guid(35c54b5daf04b4648bfe1b40acd7da15) Importer(815301076,1909f56bfc062723c751e8b465ee728b)  -> (artifact id: 'c67b8da4415f77158940cf70e2fd2e17') in 0.016011 seconds
Number of updated asset objects reloaded before import = 0
Number of asset objects unloaded after import = 1
========================================================================
Received Import Request.
  Time since last request: 0.000030 seconds.
  path: Assets/TerrainData_2c7eb031-8e55-4750-aab9-c7e7b9655a41.asset
  artifactKey: Guid(049f503e2581b714f8fff7a267359b70) Importer(815301076,1909f56bfc062723c751e8b465ee728b)
Start importing Assets/TerrainData_2c7eb031-8e55-4750-aab9-c7e7b9655a41.asset using Guid(049f503e2581b714f8fff7a267359b70) Importer(815301076,1909f56bfc062723c751e8b465ee728b)  -> (artifact id: '5f2c8acd6f512fd121d3e295ee086a19') in 0.002377 seconds
Number of updated asset objects reloaded before import = 0
Number of asset objects unloaded after import = 1
========================================================================
Received Import Request.
  Time since last request: 0.000043 seconds.
  path: Assets/TerrainData_51c52d3f-9cfb-4d77-9cea-c0f89dfe7ce8.asset
  artifactKey: Guid(97519bdfc2ecdbd48a27c488a641db85) Importer(815301076,1909f56bfc062723c751e8b465ee728b)
Start importing Assets/TerrainData_51c52d3f-9cfb-4d77-9cea-c0f89dfe7ce8.asset using Guid(97519bdfc2ecdbd48a27c488a641db85) Importer(815301076,1909f56bfc062723c751e8b465ee728b)  -> (artifact id: '9c9ebc288fb9ed3c9eed1c612a322732') in 0.002245 seconds
Number of updated asset objects reloaded before import = 0
Number of asset objects unloaded after import = 1
========================================================================
Received Import Request.
  Time since last request: 0.000053 seconds.
  path: Assets/TerrainData_436ed6f3-dc43-4b6b-a740-40b3233c0997.asset
  artifactKey: Guid(79597d988bca8a54887040ff11645f48) Importer(815301076,1909f56bfc062723c751e8b465ee728b)
Start importing Assets/TerrainData_436ed6f3-dc43-4b6b-a740-40b3233c0997.asset using Guid(79597d988bca8a54887040ff11645f48) Importer(815301076,1909f56bfc062723c751e8b465ee728b)  -> (artifact id: 'a40bb27f5809745b69ae97b38d057959') in 0.002179 seconds
Number of updated asset objects reloaded before import = 0
Number of asset objects unloaded after import = 1
========================================================================
Received Import Request.
  Time since last request: 0.000086 seconds.
  path: Assets/TerrainData_0f3cc9c4-bfd7-4e3c-b497-92f7652580a6.asset
  artifactKey: Guid(4ef0a5b9526213d4d9613e1bdb497b5d) Importer(815301076,1909f56bfc062723c751e8b465ee728b)
Start importing Assets/TerrainData_0f3cc9c4-bfd7-4e3c-b497-92f7652580a6.asset using Guid(4ef0a5b9526213d4d9613e1bdb497b5d) Importer(815301076,1909f56bfc062723c751e8b465ee728b)  -> (artifact id: '58adc8b87a147e4760ead1b3f2636e7c') in 0.002114 seconds
Number of updated asset objects reloaded before import = 0
Number of asset objects unloaded after import = 1
========================================================================
Received Import Request.
  Time since last request: 0.000061 seconds.
  path: Assets/TerrainData_47a48d19-ceed-4e96-8be8-6acfed896dd6.asset
  artifactKey: Guid(9c854c844afef744b82f08a4cd4526d3) Importer(815301076,1909f56bfc062723c751e8b465ee728b)
Start importing Assets/TerrainData_47a48d19-ceed-4e96-8be8-6acfed896dd6.asset using Guid(9c854c844afef744b82f08a4cd4526d3) Importer(815301076,1909f56bfc062723c751e8b465ee728b)  -> (artifact id: 'd40eefec0b158f5c03f5c91c8819e546') in 0.002118 seconds
Number of updated asset objects reloaded before import = 0
Number of asset objects unloaded after import = 1
========================================================================
Received Import Request.
  Time since last request: 0.000076 seconds.
  path: Assets/TerrainData_479c9cef-ba47-4f8f-8f30-cff1090e0188.asset
  artifactKey: Guid(93e0734501e324643956c3e236b126f9) Importer(815301076,1909f56bfc062723c751e8b465ee728b)
Start importing Assets/TerrainData_479c9cef-ba47-4f8f-8f30-cff1090e0188.asset using Guid(93e0734501e324643956c3e236b126f9) Importer(815301076,1909f56bfc062723c751e8b465ee728b)  -> (artifact id: 'a3ebebc1a1ef8a470460eebfff112e03') in 0.002108 seconds
Number of updated asset objects reloaded before import = 0
Number of asset objects unloaded after import = 1
========================================================================
Received Import Request.
  Time since last request: 0.000076 seconds.
  path: Assets/TerrainData_f011fce4-0fea-4866-95d4-1073adf16ef5.asset
  artifactKey: Guid(201419245ccd25244ae955598a78aacc) Importer(815301076,1909f56bfc062723c751e8b465ee728b)
Start importing Assets/TerrainData_f011fce4-0fea-4866-95d4-1073adf16ef5.asset using Guid(201419245ccd25244ae955598a78aacc) Importer(815301076,1909f56bfc062723c751e8b465ee728b)  -> (artifact id: 'd40615ddd775cfca1210db5748ec73ad') in 0.003517 seconds
Number of updated asset objects reloaded before import = 0
Number of asset objects unloaded after import = 1
========================================================================
Received Import Request.
  Time since last request: 0.000093 seconds.
  path: Assets/TerrainData_827f21e5-d60c-4ac8-8851-48105187f01f.asset
  artifactKey: Guid(20bcb49a6562e7a4e9587666356f108b) Importer(815301076,1909f56bfc062723c751e8b465ee728b)
Start importing Assets/TerrainData_827f21e5-d60c-4ac8-8851-48105187f01f.asset using Guid(20bcb49a6562e7a4e9587666356f108b) Importer(815301076,1909f56bfc062723c751e8b465ee728b)  -> (artifact id: '1122988ffd0ce7cd6a98f40c2a74a907') in 0.002276 seconds
Number of updated asset objects reloaded before import = 0
Number of asset objects unloaded after import = 1
========================================================================
Received Import Request.
  Time since last request: 0.000543 seconds.
  path: Assets/TerrainData_c01eadc9-dbfe-456f-a0fd-267f3f0d26b6.asset
  artifactKey: Guid(9645ac4c83aef154e824393dde8de0ad) Importer(815301076,1909f56bfc062723c751e8b465ee728b)
Start importing Assets/TerrainData_c01eadc9-dbfe-456f-a0fd-267f3f0d26b6.asset using Guid(9645ac4c83aef154e824393dde8de0ad) Importer(815301076,1909f56bfc062723c751e8b465ee728b)  -> (artifact id: 'd0c8ad108b12da008bde1c8ef947d955') in 0.002417 seconds
Number of updated asset objects reloaded before import = 0
Number of asset objects unloaded after import = 1
========================================================================
Received Import Request.
  Time since last request: 0.000131 seconds.
  path: Assets/TerrainData_2dbe9432-c12b-4627-8b98-6a5ed9df4620.asset
  artifactKey: Guid(26df580043fda1c4c846d2f4902cf872) Importer(815301076,1909f56bfc062723c751e8b465ee728b)
Start importing Assets/TerrainData_2dbe9432-c12b-4627-8b98-6a5ed9df4620.asset using Guid(26df580043fda1c4c846d2f4902cf872) Importer(815301076,1909f56bfc062723c751e8b465ee728b)  -> (artifact id: '98f9f94b0a033c0edf6f9afb6ba6dcfe') in 0.002971 seconds
Number of updated asset objects reloaded before import = 0
Number of asset objects unloaded after import = 1
========================================================================
Received Import Request.
  Time since last request: 0.000116 seconds.
  path: Assets/TerrainData_809a5b51-fa77-4d10-9467-5e34518efe4f.asset
  artifactKey: Guid(376e4db3270da5743b80bee791fc8c56) Importer(815301076,1909f56bfc062723c751e8b465ee728b)
Start importing Assets/TerrainData_809a5b51-fa77-4d10-9467-5e34518efe4f.asset using Guid(376e4db3270da5743b80bee791fc8c56) Importer(815301076,1909f56bfc062723c751e8b465ee728b)  -> (artifact id: 'ac11be828a1637eaa1f0415011c99dad') in 0.002221 seconds
Number of updated asset objects reloaded before import = 0
Number of asset objects unloaded after import = 1
========================================================================
Received Import Request.
  Time since last request: 0.000070 seconds.
  path: Assets/TerrainData_1fa6b03f-42d8-45bd-bcac-5f386095c02b.asset
  artifactKey: Guid(f43054f0b0608c6438e5a74ef5a7390a) Importer(815301076,1909f56bfc062723c751e8b465ee728b)
Start importing Assets/TerrainData_1fa6b03f-42d8-45bd-bcac-5f386095c02b.asset using Guid(f43054f0b0608c6438e5a74ef5a7390a) Importer(815301076,1909f56bfc062723c751e8b465ee728b)  -> (artifact id: 'd884f0323992639c5ee30eca20f8d8f9') in 0.002129 seconds
Number of updated asset objects reloaded before import = 0
Number of asset objects unloaded after import = 1
========================================================================
Received Import Request.
  Time since last request: 0.000073 seconds.
  path: Assets/TerrainData_b5109ce8-ef67-4221-ad90-526d4e08b73e.asset
  artifactKey: Guid(d6cecdd2cfc634542bd53a0cf78c3da5) Importer(815301076,1909f56bfc062723c751e8b465ee728b)
Start importing Assets/TerrainData_b5109ce8-ef67-4221-ad90-526d4e08b73e.asset using Guid(d6cecdd2cfc634542bd53a0cf78c3da5) Importer(815301076,1909f56bfc062723c751e8b465ee728b)  -> (artifact id: '131ba8873b9f1cb3037300d02b84d177') in 0.002069 seconds
Number of updated asset objects reloaded before import = 0
Number of asset objects unloaded after import = 1
========================================================================
Received Import Request.
  Time since last request: 0.000236 seconds.
  path: Assets/TerrainData_0b43ce3c-32ae-4e49-abcd-3316691c3465.asset
  artifactKey: Guid(1259382489b02684ca8b15716f7245a1) Importer(815301076,1909f56bfc062723c751e8b465ee728b)
Start importing Assets/TerrainData_0b43ce3c-32ae-4e49-abcd-3316691c3465.asset using Guid(1259382489b02684ca8b15716f7245a1) Importer(815301076,1909f56bfc062723c751e8b465ee728b)  -> (artifact id: 'ece0720686af0271f4fb637ab0891f15') in 0.002071 seconds
Number of updated asset objects reloaded before import = 0
Number of asset objects unloaded after import = 1
========================================================================
Received Import Request.
  Time since last request: 0.000092 seconds.
  path: Assets/TerrainData_3a4d1314-a960-4c45-9ab2-1f037750399b.asset
  artifactKey: Guid(41ba82319270e8547944b9d6efecdac0) Importer(815301076,1909f56bfc062723c751e8b465ee728b)
Start importing Assets/TerrainData_3a4d1314-a960-4c45-9ab2-1f037750399b.asset using Guid(41ba82319270e8547944b9d6efecdac0) Importer(815301076,1909f56bfc062723c751e8b465ee728b)  -> (artifact id: 'aca3de0d968b997643ca7c37c6e5ff4a') in 0.002118 seconds
Number of updated asset objects reloaded before import = 0
Number of asset objects unloaded after import = 1
========================================================================
Received Import Request.
  Time since last request: 0.000053 seconds.
  path: Assets/New Terrain.asset
  artifactKey: Guid(efbc8e268a686814cbccb10fc55a8e70) Importer(815301076,1909f56bfc062723c751e8b465ee728b)
Start importing Assets/New Terrain.asset using Guid(efbc8e268a686814cbccb10fc55a8e70) Importer(815301076,1909f56bfc062723c751e8b465ee728b)  -> (artifact id: '4cf15aa108dd018b9fd7921b0ddbfd75') in 0.002081 seconds
Number of updated asset objects reloaded before import = 0
Number of asset objects unloaded after import = 1
========================================================================
Received Import Request.
  Time since last request: 0.000058 seconds.
  path: Assets/TerrainData_2be0dff1-78ab-4dcf-a156-7473ee87bda7.asset
  artifactKey: Guid(440f6b9a16860fa48a39acd7638368b2) Importer(815301076,1909f56bfc062723c751e8b465ee728b)
Start importing Assets/TerrainData_2be0dff1-78ab-4dcf-a156-7473ee87bda7.asset using Guid(440f6b9a16860fa48a39acd7638368b2) Importer(815301076,1909f56bfc062723c751e8b465ee728b)  -> (artifact id: 'ff60a6f1c89ebcbad242581dfdd23257') in 0.002040 seconds
Number of updated asset objects reloaded before import = 0
Number of asset objects unloaded after import = 1
========================================================================
Received Import Request.
  Time since last request: 0.000063 seconds.
  path: Assets/TerrainData_6308b036-94ad-4fec-861a-9143ef1cc61c.asset
  artifactKey: Guid(38dcf0f251e2c8e4f8385bc726a64254) Importer(815301076,1909f56bfc062723c751e8b465ee728b)
Start importing Assets/TerrainData_6308b036-94ad-4fec-861a-9143ef1cc61c.asset using Guid(38dcf0f251e2c8e4f8385bc726a64254) Importer(815301076,1909f56bfc062723c751e8b465ee728b)  -> (artifact id: '4810c4a25fe05a480969e2c554c54708') in 0.002089 seconds
Number of updated asset objects reloaded before import = 0
Number of asset objects unloaded after import = 1
========================================================================
Received Import Request.
  Time since last request: 0.000074 seconds.
  path: Assets/TerrainData_43d1e65b-5ec0-40a6-9041-282b06a8c8bf.asset
  artifactKey: Guid(eba58ac3217e87548844151c695d1f4e) Importer(815301076,1909f56bfc062723c751e8b465ee728b)
Start importing Assets/TerrainData_43d1e65b-5ec0-40a6-9041-282b06a8c8bf.asset using Guid(eba58ac3217e87548844151c695d1f4e) Importer(815301076,1909f56bfc062723c751e8b465ee728b)  -> (artifact id: '44b1154c63904c6f2bfe16799e64ccfd') in 0.002090 seconds
Number of updated asset objects reloaded before import = 0
Number of asset objects unloaded after import = 1
========================================================================
Received Import Request.
  Time since last request: 0.000060 seconds.
  path: Assets/TerrainData_d0d0afd3-1d74-47f9-9313-24f16fe24b0f.asset
  artifactKey: Guid(db9bc6c9669fea54eb93803ba5d912da) Importer(815301076,1909f56bfc062723c751e8b465ee728b)
Start importing Assets/TerrainData_d0d0afd3-1d74-47f9-9313-24f16fe24b0f.asset using Guid(db9bc6c9669fea54eb93803ba5d912da) Importer(815301076,1909f56bfc062723c751e8b465ee728b)  -> (artifact id: 'd2d252e8913b280f9ec8f11854246206') in 0.002047 seconds
Number of updated asset objects reloaded before import = 0
Number of asset objects unloaded after import = 1
========================================================================
Received Import Request.
  Time since last request: 0.000055 seconds.
  path: Assets/TerrainData_7a378e2f-5b03-49ab-ba58-41e9ac084b97.asset
  artifactKey: Guid(61e54124fe1b5a649b74a387d92dbdba) Importer(815301076,1909f56bfc062723c751e8b465ee728b)
Start importing Assets/TerrainData_7a378e2f-5b03-49ab-ba58-41e9ac084b97.asset using Guid(61e54124fe1b5a649b74a387d92dbdba) Importer(815301076,1909f56bfc062723c751e8b465ee728b)  -> (artifact id: '9503bc815e26083f629745baaf83897a') in 0.002081 seconds
Number of updated asset objects reloaded before import = 0
Number of asset objects unloaded after import = 1
========================================================================
Received Import Request.
  Time since last request: 0.000106 seconds.
  path: Assets/TerrainData_9b62074b-d24c-43c5-90cc-931bf1228ec5.asset
  artifactKey: Guid(1d1c7d008b9ee6d4bad8c7b7dcfea00a) Importer(815301076,1909f56bfc062723c751e8b465ee728b)
Start importing Assets/TerrainData_9b62074b-d24c-43c5-90cc-931bf1228ec5.asset using Guid(1d1c7d008b9ee6d4bad8c7b7dcfea00a) Importer(815301076,1909f56bfc062723c751e8b465ee728b)  -> (artifact id: '470654fe3bf67abeea3dfac15ed14c2c') in 0.002092 seconds
Number of updated asset objects reloaded before import = 0
Number of asset objects unloaded after import = 1
========================================================================
Received Prepare
Refreshing native plugins compatible for Editor in 4.31 ms, found 2 plugins.
Preloading 0 native plugins for Editor in 0.00 ms.
Unloading 4 Unused Serialized files (Serialized files now loaded: 0)
Unloading 7 unused Assets / (1.2 MB). Loaded Objects now: 3721.
Memory consumption went from 79.4 MB to 78.2 MB.
Total: 8.585625 ms (FindLiveObjects: 0.166167 ms CreateObjectMapping: 0.056416 ms MarkObjects: 7.736459 ms  DeleteObjects: 0.625792 ms)

Prepare: number of updated asset objects reloaded= 0
AssetImportParameters requested are different than current active one (requested -> active):
  custom:container-demuxer-ogg: 62fdf1f143b41e24485cea50d1cbac27 -> 
  custom:video-decoder-ogg-theora: a1e56fd34408186e4bbccfd4996cb3dc -> 
  custom:CustomObjectIndexerAttribute: 756ad292c208cfabdd7b50bc23989ffe -> 
  custom:container-demuxer-webm: 4f35f7cbe854078d1ac9338744f61a02 -> 
  custom:container-muxer-webm: aa71ff27fc2769a1b78a27578f13a17b -> 
  custom:video-decoder-webm-vp8: 9c59270c3fd7afecdb556c50c9e8de78 -> 
  custom:SearchIndexIgnoredProperties: e643bd26f0fe6173181afceb89e7c659 -> 
  custom:AudioImporter_EditorPlatform: 3918e3fc78b5a79bad01e8451be0beb8 -> 
  custom:framework-osx-AVFoundation: e770b220cccbd017edd2c1fefb359320 -> 
  custom:video-encoder-webm-vp8: eb34c28f22e8b96e1ab97ce403110664 -> 
  custom:audio-decoder-ogg-vorbis: bf7c407c2cedff20999df2af8eb42d56 -> 
  custom:audio-encoder-webm-vorbis: bf7c407c2cedff20999df2af8eb42d56 -> 
========================================================================
Received Prepare
Begin MonoManager ReloadAssembly
Thread 0x28a887000 may have been prematurely finalized
- Loaded All Assemblies, in  0.306 seconds
Refreshing native plugins compatible for Editor in 0.65 ms, found 2 plugins.
Native extension for OSXStandalone target not found
Native extension for WebGL target not found
[Package Manager] Server::EnsureServerProcessIsRunning -- launch failed, reason: Unity was launched with the -noUpm command-line argument
[Package Manager] UpmClient::Send -- Unable to send message (not connected to UPM process).
[Package Manager] Cannot connect to Unity Package Manager local server
Mono: successfully reloaded assembly
- Finished resetting the current domain, in  0.906 seconds
Domain Reload Profiling: 1212ms
	BeginReloadAssembly (106ms)
		ExecutionOrderSort (0ms)
		DisableScriptedObjects (3ms)
		BackupInstance (0ms)
		ReleaseScriptingObjects (0ms)
		CreateAndSetChildDomain (42ms)
	RebuildCommonClasses (21ms)
	RebuildNativeTypeToScriptingClass (8ms)
	initialDomainReloadingComplete (13ms)
	LoadAllAssembliesAndSetupDomain (159ms)
		LoadAssemblies (161ms)
		RebuildTransferFunctionScriptingTraits (0ms)
		AnalyzeDomain (33ms)
			TypeCache.Refresh (27ms)
				TypeCache.ScanAssembly (0ms)
			ScanForSourceGeneratedMonoScriptInfo (0ms)
			ResolveRequiredComponents (6ms)
	FinalizeReload (906ms)
		ReleaseScriptCaches (0ms)
		RebuildScriptCaches (0ms)
		SetupLoadedEditorAssemblies (308ms)
			LogAssemblyErrors (0ms)
			InitializePlatformSupportModulesInManaged (4ms)
			SetLoadedEditorAssemblies (4ms)
			RefreshPlugins (0ms)
			BeforeProcessingInitializeOnLoad (34ms)
			ProcessInitializeOnLoadAttributes (255ms)
			ProcessInitializeOnLoadMethodAttributes (10ms)
			AfterProcessingInitializeOnLoad (1ms)
			EditorAssembliesLoaded (0ms)
		ExecutionOrderSort2 (0ms)
		AwakeInstancesAfterBackupRestoration (2ms)
Refreshing native plugins compatible for Editor in 0.99 ms, found 2 plugins.
Preloading 0 native plugins for Editor in 0.00 ms.
Unloading 3244 Unused Serialized files (Serialized files now loaded: 0)
Unloading 26 unused Assets / (0.9 MB). Loaded Objects now: 3736.
Memory consumption went from 137.8 MB to 136.9 MB.
Total: 3.132625 ms (FindLiveObjects: 0.139208 ms CreateObjectMapping: 0.075167 ms MarkObjects: 2.554625 ms  DeleteObjects: 0.363209 ms)

Prepare: number of updated asset objects reloaded= 0
AssetImportParameters requested are different than current active one (requested -> active):
  custom:container-demuxer-ogg: 62fdf1f143b41e24485cea50d1cbac27 -> 
  custom:video-decoder-ogg-theora: a1e56fd34408186e4bbccfd4996cb3dc -> 
  custom:CustomObjectIndexerAttribute: 756ad292c208cfabdd7b50bc23989ffe -> 
  custom:container-demuxer-webm: 4f35f7cbe854078d1ac9338744f61a02 -> 
  custom:container-muxer-webm: aa71ff27fc2769a1b78a27578f13a17b -> 
  custom:video-decoder-webm-vp8: 9c59270c3fd7afecdb556c50c9e8de78 -> 
  custom:SearchIndexIgnoredProperties: e643bd26f0fe6173181afceb89e7c659 -> 
  custom:AudioImporter_EditorPlatform: 3918e3fc78b5a79bad01e8451be0beb8 -> 
  custom:framework-osx-AVFoundation: e770b220cccbd017edd2c1fefb359320 -> 
  custom:video-encoder-webm-vp8: eb34c28f22e8b96e1ab97ce403110664 -> 
  custom:audio-decoder-ogg-vorbis: bf7c407c2cedff20999df2af8eb42d56 -> 
  custom:audio-encoder-webm-vorbis: bf7c407c2cedff20999df2af8eb42d56 -> 
========================================================================
Received Import Request.
  Time since last request: 75.102236 seconds.
  path: Assets/Animation/Idle.anim
  artifactKey: Guid(b34c2c63992a24166b804a514c82fdd4) Importer(815301076,1909f56bfc062723c751e8b465ee728b)
Start importing Assets/Animation/Idle.anim using Guid(b34c2c63992a24166b804a514c82fdd4) Importer(815301076,1909f56bfc062723c751e8b465ee728b)  -> (artifact id: '659c5acf2460d9dbc751afdbe4a2f992') in 0.049281 seconds
Number of updated asset objects reloaded before import = 0
Number of asset objects unloaded after import = 1
========================================================================
Received Import Request.
  Time since last request: 24.304554 seconds.
  path: Assets/Animation
  artifactKey: Guid(d127e23c9a39d417d918eaf100f43a62) Importer(815301076,1909f56bfc062723c751e8b465ee728b)
Start importing Assets/Animation using Guid(d127e23c9a39d417d918eaf100f43a62) Importer(815301076,1909f56bfc062723c751e8b465ee728b)  -> (artifact id: 'a3048a22fcc8310dac819ebc95f5c453') in 0.002945 seconds
Number of updated asset objects reloaded before import = 0
Number of asset objects unloaded after import = 0
========================================================================
Received Import Request.
  Time since last request: 8.507031 seconds.
  path: Assets/Animation/Remy@Crouch Walk Back.fbx
  artifactKey: Guid(b5163bc1dc42046fbbc81af16b33436d) Importer(815301076,1909f56bfc062723c751e8b465ee728b)
Start importing Assets/Animation/Remy@Crouch Walk Back.fbx using Guid(b5163bc1dc42046fbbc81af16b33436d) Importer(815301076,1909f56bfc062723c751e8b465ee728b)  -> (artifact id: 'be1ed5be5fdbe468baf9cbe09ba03b23') in 0.069795 seconds
Number of updated asset objects reloaded before import = 0
Number of asset objects unloaded after import = 139
========================================================================
Received Import Request.
  Time since last request: 0.000065 seconds.
  path: Assets/Animation/Remy@Crouched Walking.fbx
  artifactKey: Guid(a0327588d22794fa8a83bae028aaadd9) Importer(815301076,1909f56bfc062723c751e8b465ee728b)
Start importing Assets/Animation/Remy@Crouched Walking.fbx using Guid(a0327588d22794fa8a83bae028aaadd9) Importer(815301076,1909f56bfc062723c751e8b465ee728b)  -> (artifact id: 'd46f343ab4a893eeb76ad76d7067822f') in 0.002331 seconds
Number of updated asset objects reloaded before import = 0
Number of asset objects unloaded after import = 139
========================================================================
Received Import Request.
  Time since last request: 0.000025 seconds.
  path: Assets/Animation/Remy@Walking.fbx
  artifactKey: Guid(60afe9ccc20d64978acb20f6f8a125c2) Importer(815301076,1909f56bfc062723c751e8b465ee728b)
Start importing Assets/Animation/Remy@Walking.fbx using Guid(60afe9ccc20d64978acb20f6f8a125c2) Importer(815301076,1909f56bfc062723c751e8b465ee728b)  -> (artifact id: '67d4173ec874c4616fc339ed85c63cfb') in 0.001944 seconds
Number of updated asset objects reloaded before import = 0
Number of asset objects unloaded after import = 139
========================================================================
Received Import Request.
  Time since last request: 0.000028 seconds.
  path: Assets/Animation/Remy@Running.fbx
  artifactKey: Guid(df7d98d30b4c743188161772de248bd5) Importer(815301076,1909f56bfc062723c751e8b465ee728b)
Start importing Assets/Animation/Remy@Running.fbx using Guid(df7d98d30b4c743188161772de248bd5) Importer(815301076,1909f56bfc062723c751e8b465ee728b)  -> (artifact id: '08e141518defb37ffce69982ee87cc2b') in 0.001987 seconds
Number of updated asset objects reloaded before import = 0
Number of asset objects unloaded after import = 139
========================================================================
Received Import Request.
  Time since last request: 0.000026 seconds.
  path: Assets/Animation/Remy@Left Strafe Walking.fbx
  artifactKey: Guid(31f8705f34c8d4718a9b3c5f4c17323d) Importer(815301076,1909f56bfc062723c751e8b465ee728b)
Start importing Assets/Animation/Remy@Left Strafe Walking.fbx using Guid(31f8705f34c8d4718a9b3c5f4c17323d) Importer(815301076,1909f56bfc062723c751e8b465ee728b)  -> (artifact id: 'bddb6ac0d709953540288234b0204b78') in 0.002007 seconds
Number of updated asset objects reloaded before import = 0
Number of asset objects unloaded after import = 139
========================================================================
Received Import Request.
  Time since last request: 0.000027 seconds.
  path: Assets/Animation/Remy@Standing To Crouched.fbx
  artifactKey: Guid(ac82a6794243a44daaf298c7216d8a15) Importer(815301076,1909f56bfc062723c751e8b465ee728b)
Start importing Assets/Animation/Remy@Standing To Crouched.fbx using Guid(ac82a6794243a44daaf298c7216d8a15) Importer(815301076,1909f56bfc062723c751e8b465ee728b)  -> (artifact id: '8a5637fa2857d95a69ccfd0681926911') in 0.001844 seconds
Number of updated asset objects reloaded before import = 0
Number of asset objects unloaded after import = 139
========================================================================
Received Import Request.
  Time since last request: 0.000033 seconds.
  path: Assets/Animation/Remy@Crouched Sneaking Right.fbx
  artifactKey: Guid(80b09d79f2f93402988f137568c58952) Importer(815301076,1909f56bfc062723c751e8b465ee728b)
Start importing Assets/Animation/Remy@Crouched Sneaking Right.fbx using Guid(80b09d79f2f93402988f137568c58952) Importer(815301076,1909f56bfc062723c751e8b465ee728b)  -> (artifact id: '45e4b5e5c9e3e5a32280b0e795b6b500') in 0.001668 seconds
Number of updated asset objects reloaded before import = 0
Number of asset objects unloaded after import = 139
========================================================================
Received Import Request.
  Time since last request: 0.000033 seconds.
  path: Assets/Animation/Remy@Jumping.fbx
  artifactKey: Guid(126a461cf3b3f4d928910c989b48a5ec) Importer(815301076,1909f56bfc062723c751e8b465ee728b)
Start importing Assets/Animation/Remy@Jumping.fbx using Guid(126a461cf3b3f4d928910c989b48a5ec) Importer(815301076,1909f56bfc062723c751e8b465ee728b)  -> (artifact id: '4486b9f3812f24633f40acbe06fa5ddd') in 0.001982 seconds
Number of updated asset objects reloaded before import = 0
Number of asset objects unloaded after import = 139
========================================================================
Received Import Request.
  Time since last request: 0.000068 seconds.
  path: Assets/Animation/Remy@Walking Backwards.fbx
  artifactKey: Guid(2f1343074d06241a39aeab04929c4166) Importer(815301076,1909f56bfc062723c751e8b465ee728b)
Start importing Assets/Animation/Remy@Walking Backwards.fbx using Guid(2f1343074d06241a39aeab04929c4166) Importer(815301076,1909f56bfc062723c751e8b465ee728b)  -> (artifact id: 'a9bc19a453f830c1c233ce84e6dc2405') in 0.003264 seconds
Number of updated asset objects reloaded before import = 0
Number of asset objects unloaded after import = 139
========================================================================
Received Import Request.
  Time since last request: 82.558144 seconds.
  path: Assets/Animation/PlayerController.controller
  artifactKey: Guid(bc33a9c7faf9247029173d76c865906b) Importer(815301076,1909f56bfc062723c751e8b465ee728b)
Start importing Assets/Animation/PlayerController.controller using Guid(bc33a9c7faf9247029173d76c865906b) Importer(815301076,1909f56bfc062723c751e8b465ee728b)  -> (artifact id: 'e9f91c677340762e431e153e63f4b473') in 0.024770 seconds
Number of updated asset objects reloaded before import = 0
Number of asset objects unloaded after import = 11
========================================================================
Received Import Request.
  Time since last request: 35.472408 seconds.
  path: Assets/Animation/Remy@Crouch Walk Back.fbx
  artifactKey: Guid(b5163bc1dc42046fbbc81af16b33436d) Importer(815301076,1909f56bfc062723c751e8b465ee728b)
Start importing Assets/Animation/Remy@Crouch Walk Back.fbx using Guid(b5163bc1dc42046fbbc81af16b33436d) Importer(815301076,1909f56bfc062723c751e8b465ee728b)  -> (artifact id: '5bf6459a887c97b533a4acf556dac0d6') in 0.023028 seconds
Number of updated asset objects reloaded before import = 0
Number of asset objects unloaded after import = 139
========================================================================
Received Import Request.
  Time since last request: 7.854839 seconds.
  path: Assets/Animation/Remy@Crouched Sneaking Left.fbx
  artifactKey: Guid(21273ecbb418142a9ae3c9e50ed7b950) Importer(815301076,1909f56bfc062723c751e8b465ee728b)
Start importing Assets/Animation/Remy@Crouched Sneaking Left.fbx using Guid(21273ecbb418142a9ae3c9e50ed7b950) Importer(815301076,1909f56bfc062723c751e8b465ee728b)  -> (artifact id: 'e049d5cf8418345f2ff56f27b7d864bb') in 0.005386 seconds
Number of updated asset objects reloaded before import = 0
Number of asset objects unloaded after import = 139
========================================================================
Received Import Request.
  Time since last request: 6.839777 seconds.
  path: Assets/Animation/Remy@Crouched Sneaking Right.fbx
  artifactKey: Guid(80b09d79f2f93402988f137568c58952) Importer(815301076,1909f56bfc062723c751e8b465ee728b)
Start importing Assets/Animation/Remy@Crouched Sneaking Right.fbx using Guid(80b09d79f2f93402988f137568c58952) Importer(815301076,1909f56bfc062723c751e8b465ee728b)  -> (artifact id: '66a87e36a5d5e84ccde2c57c91d361fe') in 0.002130 seconds
Number of updated asset objects reloaded before import = 0
Number of asset objects unloaded after import = 139
========================================================================
Received Import Request.
  Time since last request: 5.937027 seconds.
  path: Assets/Animation/Remy@Crouched Walking.fbx
  artifactKey: Guid(a0327588d22794fa8a83bae028aaadd9) Importer(815301076,1909f56bfc062723c751e8b465ee728b)
Start importing Assets/Animation/Remy@Crouched Walking.fbx using Guid(a0327588d22794fa8a83bae028aaadd9) Importer(815301076,1909f56bfc062723c751e8b465ee728b)  -> (artifact id: '8c919b9984113f0e12027b582122dacc') in 0.011875 seconds
Number of updated asset objects reloaded before import = 0
Number of asset objects unloaded after import = 139
========================================================================
Received Import Request.
  Time since last request: 6.333531 seconds.
  path: Assets/Animation/Remy@Idle.fbx
  artifactKey: Guid(3101806f326ec40fb88ef7f2f66198dc) Importer(815301076,1909f56bfc062723c751e8b465ee728b)
Start importing Assets/Animation/Remy@Idle.fbx using Guid(3101806f326ec40fb88ef7f2f66198dc) Importer(815301076,1909f56bfc062723c751e8b465ee728b)  -> (artifact id: '6f92dfe0ad1bbdc5ebf329ced9f6f272') in 0.002150 seconds
Number of updated asset objects reloaded before import = 0
Number of asset objects unloaded after import = 139
========================================================================
Received Import Request.
  Time since last request: 15.162162 seconds.
  path: Assets/Animation/Remy@Left Strafe Walking.fbx
  artifactKey: Guid(31f8705f34c8d4718a9b3c5f4c17323d) Importer(815301076,1909f56bfc062723c751e8b465ee728b)
Start importing Assets/Animation/Remy@Left Strafe Walking.fbx using Guid(31f8705f34c8d4718a9b3c5f4c17323d) Importer(815301076,1909f56bfc062723c751e8b465ee728b)  -> (artifact id: '4d41a7b7c04d9bc3f0797c32282f51a8') in 0.026354 seconds
Number of updated asset objects reloaded before import = 0
Number of asset objects unloaded after import = 139
========================================================================
Received Import Request.
  Time since last request: 4.088349 seconds.
  path: Assets/Animation/Remy@Right Strafe Walking.fbx
  artifactKey: Guid(65619e77c38e0482386f10b035e7c397) Importer(815301076,1909f56bfc062723c751e8b465ee728b)
Start importing Assets/Animation/Remy@Right Strafe Walking.fbx using Guid(65619e77c38e0482386f10b035e7c397) Importer(815301076,1909f56bfc062723c751e8b465ee728b)  -> (artifact id: '6dbbd496f185b8ac3d83aa74a50ea1c7') in 0.002235 seconds
Number of updated asset objects reloaded before import = 0
Number of asset objects unloaded after import = 139
========================================================================
Received Import Request.
  Time since last request: 5.721567 seconds.
  path: Assets/Animation/Remy@Running.fbx
  artifactKey: Guid(df7d98d30b4c743188161772de248bd5) Importer(815301076,1909f56bfc062723c751e8b465ee728b)
Start importing Assets/Animation/Remy@Running.fbx using Guid(df7d98d30b4c743188161772de248bd5) Importer(815301076,1909f56bfc062723c751e8b465ee728b)  -> (artifact id: '6c205703a165d18ee022577d38753bdb') in 0.002092 seconds
Number of updated asset objects reloaded before import = 0
Number of asset objects unloaded after import = 139
========================================================================
Received Import Request.
  Time since last request: 12.816662 seconds.
  path: Assets/Animation/Remy@Standing To Crouched.fbx
  artifactKey: Guid(ac82a6794243a44daaf298c7216d8a15) Importer(815301076,1909f56bfc062723c751e8b465ee728b)
Start importing Assets/Animation/Remy@Standing To Crouched.fbx using Guid(ac82a6794243a44daaf298c7216d8a15) Importer(815301076,1909f56bfc062723c751e8b465ee728b)  -> (artifact id: 'c5655a14cb8d565c36cbc2166898105f') in 0.024730 seconds
Number of updated asset objects reloaded before import = 0
Number of asset objects unloaded after import = 139
========================================================================
Received Import Request.
  Time since last request: 9.090559 seconds.
  path: Assets/Animation/Remy@Walking.fbx
  artifactKey: Guid(60afe9ccc20d64978acb20f6f8a125c2) Importer(815301076,1909f56bfc062723c751e8b465ee728b)
Start importing Assets/Animation/Remy@Walking.fbx using Guid(60afe9ccc20d64978acb20f6f8a125c2) Importer(815301076,1909f56bfc062723c751e8b465ee728b)  -> (artifact id: 'a0c916424b8953d507ad5b2254ac0f5d') in 0.003028 seconds
Number of updated asset objects reloaded before import = 0
Number of asset objects unloaded after import = 139
========================================================================
Received Import Request.
  Time since last request: 4.460212 seconds.
  path: Assets/Animation/Remy@Walking Backwards.fbx
  artifactKey: Guid(2f1343074d06241a39aeab04929c4166) Importer(815301076,1909f56bfc062723c751e8b465ee728b)
Start importing Assets/Animation/Remy@Walking Backwards.fbx using Guid(2f1343074d06241a39aeab04929c4166) Importer(815301076,1909f56bfc062723c751e8b465ee728b)  -> (artifact id: '0358163ad296a65adffd8e608130c358') in 0.003503 seconds
Number of updated asset objects reloaded before import = 0
Number of asset objects unloaded after import = 139
========================================================================
Received Prepare
Begin MonoManager ReloadAssembly
Thread 0x16f5cf000 may have been prematurely finalized
- Loaded All Assemblies, in  0.457 seconds
Refreshing native plugins compatible for Editor in 0.57 ms, found 2 plugins.
Native extension for OSXStandalone target not found
Native extension for WebGL target not found
[Package Manager] Server::EnsureServerProcessIsRunning -- launch failed, reason: Unity was launched with the -noUpm command-line argument
[Package Manager] UpmClient::Send -- Unable to send message (not connected to UPM process).
[Package Manager] Cannot connect to Unity Package Manager local server
Mono: successfully reloaded assembly
- Finished resetting the current domain, in  0.736 seconds
Domain Reload Profiling: 1195ms
	BeginReloadAssembly (145ms)
		ExecutionOrderSort (0ms)
		DisableScriptedObjects (3ms)
		BackupInstance (0ms)
		ReleaseScriptingObjects (0ms)
		CreateAndSetChildDomain (62ms)
	RebuildCommonClasses (22ms)
	RebuildNativeTypeToScriptingClass (8ms)
	initialDomainReloadingComplete (22ms)
	LoadAllAssembliesAndSetupDomain (262ms)
		LoadAssemblies (276ms)
		RebuildTransferFunctionScriptingTraits (0ms)
		AnalyzeDomain (37ms)
			TypeCache.Refresh (21ms)
				TypeCache.ScanAssembly (1ms)
			ScanForSourceGeneratedMonoScriptInfo (8ms)
			ResolveRequiredComponents (8ms)
	FinalizeReload (736ms)
		ReleaseScriptCaches (0ms)
		RebuildScriptCaches (0ms)
		SetupLoadedEditorAssemblies (288ms)
			LogAssemblyErrors (0ms)
			InitializePlatformSupportModulesInManaged (2ms)
			SetLoadedEditorAssemblies (3ms)
			RefreshPlugins (0ms)
			BeforeProcessingInitializeOnLoad (30ms)
			ProcessInitializeOnLoadAttributes (242ms)
			ProcessInitializeOnLoadMethodAttributes (9ms)
			AfterProcessingInitializeOnLoad (1ms)
			EditorAssembliesLoaded (0ms)
		ExecutionOrderSort2 (0ms)
		AwakeInstancesAfterBackupRestoration (2ms)
Refreshing native plugins compatible for Editor in 0.81 ms, found 2 plugins.
Preloading 0 native plugins for Editor in 0.00 ms.
Unloading 3243 Unused Serialized files (Serialized files now loaded: 0)
Unloading 26 unused Assets / (0.9 MB). Loaded Objects now: 3751.
Memory consumption went from 146.2 MB to 145.3 MB.
Total: 4.565792 ms (FindLiveObjects: 0.143042 ms CreateObjectMapping: 0.054666 ms MarkObjects: 4.011500 ms  DeleteObjects: 0.356250 ms)

Prepare: number of updated asset objects reloaded= 0
AssetImportParameters requested are different than current active one (requested -> active):
  custom:container-demuxer-ogg: 62fdf1f143b41e24485cea50d1cbac27 -> 
  custom:video-decoder-ogg-theora: a1e56fd34408186e4bbccfd4996cb3dc -> 
  custom:CustomObjectIndexerAttribute: 756ad292c208cfabdd7b50bc23989ffe -> 
  custom:container-demuxer-webm: 4f35f7cbe854078d1ac9338744f61a02 -> 
  custom:container-muxer-webm: aa71ff27fc2769a1b78a27578f13a17b -> 
  custom:video-decoder-webm-vp8: 9c59270c3fd7afecdb556c50c9e8de78 -> 
  custom:SearchIndexIgnoredProperties: e643bd26f0fe6173181afceb89e7c659 -> 
  custom:AudioImporter_EditorPlatform: 3918e3fc78b5a79bad01e8451be0beb8 -> 
  custom:framework-osx-AVFoundation: e770b220cccbd017edd2c1fefb359320 -> 
  custom:video-encoder-webm-vp8: eb34c28f22e8b96e1ab97ce403110664 -> 
  custom:audio-decoder-ogg-vorbis: bf7c407c2cedff20999df2af8eb42d56 -> 
  custom:audio-encoder-webm-vorbis: bf7c407c2cedff20999df2af8eb42d56 -> 
========================================================================
Received Prepare
Begin MonoManager ReloadAssembly
Thread 0x16f5cf000 may have been prematurely finalized
- Loaded All Assemblies, in  0.286 seconds
Refreshing native plugins compatible for Editor in 0.65 ms, found 2 plugins.
Native extension for OSXStandalone target not found
Native extension for WebGL target not found
[Package Manager] Server::EnsureServerProcessIsRunning -- launch failed, reason: Unity was launched with the -noUpm command-line argument
[Package Manager] UpmClient::Send -- Unable to send message (not connected to UPM process).
[Package Manager] Cannot connect to Unity Package Manager local server
Mono: successfully reloaded assembly
- Finished resetting the current domain, in  0.494 seconds
Domain Reload Profiling: 780ms
	BeginReloadAssembly (93ms)
		ExecutionOrderSort (0ms)
		DisableScriptedObjects (3ms)
		BackupInstance (0ms)
		ReleaseScriptingObjects (0ms)
		CreateAndSetChildDomain (36ms)
	RebuildCommonClasses (22ms)
	RebuildNativeTypeToScriptingClass (8ms)
	initialDomainReloadingComplete (13ms)
	LoadAllAssembliesAndSetupDomain (150ms)
		LoadAssemblies (156ms)
		RebuildTransferFunctionScriptingTraits (0ms)
		AnalyzeDomain (22ms)
			TypeCache.Refresh (18ms)
				TypeCache.ScanAssembly (0ms)
			ScanForSourceGeneratedMonoScriptInfo (0ms)
			ResolveRequiredComponents (4ms)
	FinalizeReload (494ms)
		ReleaseScriptCaches (0ms)
		RebuildScriptCaches (0ms)
		SetupLoadedEditorAssemblies (331ms)
			LogAssemblyErrors (0ms)
			InitializePlatformSupportModulesInManaged (5ms)
			SetLoadedEditorAssemblies (7ms)
			RefreshPlugins (0ms)
			BeforeProcessingInitializeOnLoad (39ms)
			ProcessInitializeOnLoadAttributes (270ms)
			ProcessInitializeOnLoadMethodAttributes (9ms)
			AfterProcessingInitializeOnLoad (1ms)
			EditorAssembliesLoaded (0ms)
		ExecutionOrderSort2 (0ms)
		AwakeInstancesAfterBackupRestoration (2ms)
Refreshing native plugins compatible for Editor in 0.88 ms, found 2 plugins.
Preloading 0 native plugins for Editor in 0.00 ms.
Unloading 3244 Unused Serialized files (Serialized files now loaded: 0)
Unloading 26 unused Assets / (0.9 MB). Loaded Objects now: 3766.
Memory consumption went from 154.5 MB to 153.6 MB.
Total: 3.630208 ms (FindLiveObjects: 0.143250 ms CreateObjectMapping: 0.069750 ms MarkObjects: 3.083666 ms  DeleteObjects: 0.332917 ms)

Prepare: number of updated asset objects reloaded= 0
AssetImportParameters requested are different than current active one (requested -> active):
  custom:container-demuxer-ogg: 62fdf1f143b41e24485cea50d1cbac27 -> 
  custom:video-decoder-ogg-theora: a1e56fd34408186e4bbccfd4996cb3dc -> 
  custom:CustomObjectIndexerAttribute: 756ad292c208cfabdd7b50bc23989ffe -> 
  custom:container-demuxer-webm: 4f35f7cbe854078d1ac9338744f61a02 -> 
  custom:container-muxer-webm: aa71ff27fc2769a1b78a27578f13a17b -> 
  custom:video-decoder-webm-vp8: 9c59270c3fd7afecdb556c50c9e8de78 -> 
  custom:SearchIndexIgnoredProperties: e643bd26f0fe6173181afceb89e7c659 -> 
  custom:AudioImporter_EditorPlatform: 3918e3fc78b5a79bad01e8451be0beb8 -> 
  custom:framework-osx-AVFoundation: e770b220cccbd017edd2c1fefb359320 -> 
  custom:video-encoder-webm-vp8: eb34c28f22e8b96e1ab97ce403110664 -> 
  custom:audio-decoder-ogg-vorbis: bf7c407c2cedff20999df2af8eb42d56 -> 
  custom:audio-encoder-webm-vorbis: bf7c407c2cedff20999df2af8eb42d56 -> 
========================================================================
Received Import Request.
  Time since last request: 499.440465 seconds.
  path: Assets/Script/AnimationStateController.cs
  artifactKey: Guid(7ca84f5cb97e24f6db3d8671909fd2d3) Importer(815301076,1909f56bfc062723c751e8b465ee728b)
Start importing Assets/Script/AnimationStateController.cs using Guid(7ca84f5cb97e24f6db3d8671909fd2d3) Importer(815301076,1909f56bfc062723c751e8b465ee728b)  -> (artifact id: '914d149a94f2866219db20a0073cdb13') in 0.005059 seconds
Number of updated asset objects reloaded before import = 0
Number of asset objects unloaded after import = 0
========================================================================
Received Import Request.
  Time since last request: 2.042850 seconds.
  path: Assets/Script/Attack.cs
  artifactKey: Guid(20e22748463c4a64a9a5e072f37f18d5) Importer(815301076,1909f56bfc062723c751e8b465ee728b)
Start importing Assets/Script/Attack.cs using Guid(20e22748463c4a64a9a5e072f37f18d5) Importer(815301076,1909f56bfc062723c751e8b465ee728b)  -> (artifact id: 'a1cb619eae05dbb1d81755baabfb122f') in 0.000341 seconds
Number of updated asset objects reloaded before import = 0
Number of asset objects unloaded after import = 0
========================================================================
Received Import Request.
  Time since last request: 1.879862 seconds.
  path: Assets/Script/Camera.cs
  artifactKey: Guid(7f407612217ba4742847b07a0c797543) Importer(815301076,1909f56bfc062723c751e8b465ee728b)
Start importing Assets/Script/Camera.cs using Guid(7f407612217ba4742847b07a0c797543) Importer(815301076,1909f56bfc062723c751e8b465ee728b)  -> (artifact id: 'e02d535ac0b3b613cd63f31cc28b5aee') in 0.000304 seconds
Number of updated asset objects reloaded before import = 0
Number of asset objects unloaded after import = 0
========================================================================
Received Import Request.
  Time since last request: 0.750536 seconds.
  path: Assets/Script/MouseRotation.cs
  artifactKey: Guid(4f9a1334048e30b488155640efd06261) Importer(815301076,1909f56bfc062723c751e8b465ee728b)
Start importing Assets/Script/MouseRotation.cs using Guid(4f9a1334048e30b488155640efd06261) Importer(815301076,1909f56bfc062723c751e8b465ee728b)  -> (artifact id: '62b8fcea15e2c1eada7f944c9d61028f') in 0.000290 seconds
Number of updated asset objects reloaded before import = 0
Number of asset objects unloaded after import = 0
========================================================================
Received Prepare
Begin MonoManager ReloadAssembly
Thread 0x16f5cf000 may have been prematurely finalized
- Loaded All Assemblies, in  0.509 seconds
Refreshing native plugins compatible for Editor in 0.56 ms, found 2 plugins.
Native extension for OSXStandalone target not found
Native extension for WebGL target not found
[Package Manager] Server::EnsureServerProcessIsRunning -- launch failed, reason: Unity was launched with the -noUpm command-line argument
[Package Manager] UpmClient::Send -- Unable to send message (not connected to UPM process).
[Package Manager] Cannot connect to Unity Package Manager local server
Mono: successfully reloaded assembly
- Finished resetting the current domain, in  0.800 seconds
Domain Reload Profiling: 1311ms
	BeginReloadAssembly (194ms)
		ExecutionOrderSort (0ms)
		DisableScriptedObjects (4ms)
		BackupInstance (0ms)
		ReleaseScriptingObjects (0ms)
		CreateAndSetChildDomain (65ms)
	RebuildCommonClasses (23ms)
	RebuildNativeTypeToScriptingClass (9ms)
	initialDomainReloadingComplete (18ms)
	LoadAllAssembliesAndSetupDomain (267ms)
		LoadAssemblies (341ms)
		RebuildTransferFunctionScriptingTraits (0ms)
		AnalyzeDomain (17ms)
			TypeCache.Refresh (12ms)
				TypeCache.ScanAssembly (0ms)
			ScanForSourceGeneratedMonoScriptInfo (0ms)
			ResolveRequiredComponents (4ms)
	FinalizeReload (801ms)
		ReleaseScriptCaches (0ms)
		RebuildScriptCaches (0ms)
		SetupLoadedEditorAssemblies (325ms)
			LogAssemblyErrors (0ms)
			InitializePlatformSupportModulesInManaged (3ms)
			SetLoadedEditorAssemblies (3ms)
			RefreshPlugins (0ms)
			BeforeProcessingInitializeOnLoad (32ms)
			ProcessInitializeOnLoadAttributes (275ms)
			ProcessInitializeOnLoadMethodAttributes (10ms)
			AfterProcessingInitializeOnLoad (1ms)
			EditorAssembliesLoaded (0ms)
		ExecutionOrderSort2 (0ms)
		AwakeInstancesAfterBackupRestoration (2ms)
Refreshing native plugins compatible for Editor in 0.77 ms, found 2 plugins.
Preloading 0 native plugins for Editor in 0.00 ms.
Unloading 3243 Unused Serialized files (Serialized files now loaded: 0)
Unloading 26 unused Assets / (0.9 MB). Loaded Objects now: 3781.
Memory consumption went from 162.3 MB to 161.4 MB.
Total: 3.664750 ms (FindLiveObjects: 0.182708 ms CreateObjectMapping: 0.119333 ms MarkObjects: 2.893833 ms  DeleteObjects: 0.468333 ms)

Prepare: number of updated asset objects reloaded= 0
AssetImportParameters requested are different than current active one (requested -> active):
  custom:container-demuxer-ogg: 62fdf1f143b41e24485cea50d1cbac27 -> 
  custom:video-decoder-ogg-theora: a1e56fd34408186e4bbccfd4996cb3dc -> 
  custom:CustomObjectIndexerAttribute: 756ad292c208cfabdd7b50bc23989ffe -> 
  custom:container-demuxer-webm: 4f35f7cbe854078d1ac9338744f61a02 -> 
  custom:container-muxer-webm: aa71ff27fc2769a1b78a27578f13a17b -> 
  custom:video-decoder-webm-vp8: 9c59270c3fd7afecdb556c50c9e8de78 -> 
  custom:SearchIndexIgnoredProperties: e643bd26f0fe6173181afceb89e7c659 -> 
  custom:AudioImporter_EditorPlatform: 3918e3fc78b5a79bad01e8451be0beb8 -> 
  custom:framework-osx-AVFoundation: e770b220cccbd017edd2c1fefb359320 -> 
  custom:video-encoder-webm-vp8: eb34c28f22e8b96e1ab97ce403110664 -> 
  custom:audio-decoder-ogg-vorbis: bf7c407c2cedff20999df2af8eb42d56 -> 
  custom:audio-encoder-webm-vorbis: bf7c407c2cedff20999df2af8eb42d56 -> 
