Using pre-set license
Built from '2022.3/staging' branch; Version is '2022.3.10f1 (ff3792e53c62) revision 16725906'; Using compiler version '192829333'; Build Type 'Release'
OS: 'Windows 11  (10.0.22631) 64bit Core' Language: 'en' Physical Memory: 15775 MB
BatchMode: 1, IsHumanControllingUs: 0, StartBugReporterOnCrash: 0, Is64bit: 1, IsPro: 1

COMMAND LINE ARGUMENTS:
C:\Program Files\Unity\Hub\Editor\2022.3.10f1\Editor\Unity.exe
-adb2
-batchMode
-noUpm
-name
AssetImportWorker1
-projectPath
C:/Users/shobh/Documents/GitHub/Shattered-Shadows
-logFile
Logs/AssetImportWorker1.log
-srvPort
56479
Successfully changed project path to: C:/Users/shobh/Documents/GitHub/Shattered-Shadows
C:/Users/shobh/Documents/GitHub/Shattered-Shadows
[UnityMemory] Configuration Parameters - Can be set up in boot.config
    "memorysetup-bucket-allocator-granularity=16"
    "memorysetup-bucket-allocator-bucket-count=8"
    "memorysetup-bucket-allocator-block-size=33554432"
    "memorysetup-bucket-allocator-block-count=8"
    "memorysetup-main-allocator-block-size=16777216"
    "memorysetup-thread-allocator-block-size=16777216"
    "memorysetup-gfx-main-allocator-block-size=16777216"
    "memorysetup-gfx-thread-allocator-block-size=16777216"
    "memorysetup-cache-allocator-block-size=4194304"
    "memorysetup-typetree-allocator-block-size=2097152"
    "memorysetup-profiler-bucket-allocator-granularity=16"
    "memorysetup-profiler-bucket-allocator-bucket-count=8"
    "memorysetup-profiler-bucket-allocator-block-size=33554432"
    "memorysetup-profiler-bucket-allocator-block-count=8"
    "memorysetup-profiler-allocator-block-size=16777216"
    "memorysetup-profiler-editor-allocator-block-size=1048576"
    "memorysetup-temp-allocator-size-main=16777216"
    "memorysetup-job-temp-allocator-block-size=2097152"
    "memorysetup-job-temp-allocator-block-size-background=1048576"
    "memorysetup-job-temp-allocator-reduction-small-platforms=262144"
    "memorysetup-allocator-temp-initial-block-size-main=262144"
    "memorysetup-allocator-temp-initial-block-size-worker=262144"
    "memorysetup-temp-allocator-size-background-worker=32768"
    "memorysetup-temp-allocator-size-job-worker=262144"
    "memorysetup-temp-allocator-size-preload-manager=33554432"
    "memorysetup-temp-allocator-size-nav-mesh-worker=65536"
    "memorysetup-temp-allocator-size-audio-worker=65536"
    "memorysetup-temp-allocator-size-cloud-worker=32768"
    "memorysetup-temp-allocator-size-gi-baking-worker=262144"
    "memorysetup-temp-allocator-size-gfx=262144"
Player connection [27340] Host "[IP] 192.168.2.17 [Port] 0 [Flags] 2 [Guid] 889427705 [EditorId] 889427705 [Version] 1048832 [Id] WindowsEditor(7,MARK-88) [Debug] 1 [PackageName] WindowsEditor [ProjectName] Editor" joined multi-casting on [225.0.0.222:54997]...

Player connection [27340] Host "[IP] 192.168.2.17 [Port] 0 [Flags] 2 [Guid] 889427705 [EditorId] 889427705 [Version] 1048832 [Id] WindowsEditor(7,MARK-88) [Debug] 1 [PackageName] WindowsEditor [ProjectName] Editor" joined alternative multi-casting on [225.0.0.222:34997]...

[Physics::Module] Initialized MultithreadedJobDispatcher with 15 workers.
Refreshing native plugins compatible for Editor in 7.75 ms, found 3 plugins.
Preloading 0 native plugins for Editor in 0.00 ms.
Initialize engine version: 2022.3.10f1 (ff3792e53c62)
[Subsystems] Discovering subsystems at path C:/Program Files/Unity/Hub/Editor/2022.3.10f1/Editor/Data/Resources/UnitySubsystems
[Subsystems] Discovering subsystems at path C:/Users/shobh/Documents/GitHub/Shattered-Shadows/Assets
GfxDevice: creating device client; threaded=0; jobified=0
Direct3D:
    Version:  Direct3D 11.0 [level 11.1]
    Renderer: NVIDIA GeForce RTX 3060 Laptop GPU (ID=0x2520)
    Vendor:   NVIDIA
    VRAM:     6010 MB
    Driver:   31.0.15.4629
Initialize mono
Mono path[0] = 'C:/Program Files/Unity/Hub/Editor/2022.3.10f1/Editor/Data/Managed'
Mono path[1] = 'C:/Program Files/Unity/Hub/Editor/2022.3.10f1/Editor/Data/MonoBleedingEdge/lib/mono/unityjit-win32'
Mono config path = 'C:/Program Files/Unity/Hub/Editor/2022.3.10f1/Editor/Data/MonoBleedingEdge/etc'
Using monoOptions --debugger-agent=transport=dt_socket,embedding=1,server=y,suspend=n,address=127.0.0.1:56848
Begin MonoManager ReloadAssembly
Registering precompiled unity dll's ...
Register platform support module: C:/Program Files/Unity/Hub/Editor/2022.3.10f1/Editor/Data/PlaybackEngines/WindowsStandaloneSupport/UnityEditor.WindowsStandalone.Extensions.dll
Registered in 0.006272 seconds.
- Loaded All Assemblies, in  0.338 seconds
Native extension for WindowsStandalone target not found
Mono: successfully reloaded assembly
- Finished resetting the current domain, in  0.264 seconds
Domain Reload Profiling: 601ms
	BeginReloadAssembly (99ms)
		ExecutionOrderSort (0ms)
		DisableScriptedObjects (0ms)
		BackupInstance (0ms)
		ReleaseScriptingObjects (0ms)
		CreateAndSetChildDomain (1ms)
	RebuildCommonClasses (29ms)
	RebuildNativeTypeToScriptingClass (8ms)
	initialDomainReloadingComplete (52ms)
	LoadAllAssembliesAndSetupDomain (148ms)
		LoadAssemblies (97ms)
		RebuildTransferFunctionScriptingTraits (0ms)
		AnalyzeDomain (146ms)
			TypeCache.Refresh (144ms)
				TypeCache.ScanAssembly (129ms)
			ScanForSourceGeneratedMonoScriptInfo (1ms)
			ResolveRequiredComponents (1ms)
	FinalizeReload (265ms)
		ReleaseScriptCaches (0ms)
		RebuildScriptCaches (0ms)
		SetupLoadedEditorAssemblies (203ms)
			LogAssemblyErrors (0ms)
			InitializePlatformSupportModulesInManaged (10ms)
			SetLoadedEditorAssemblies (7ms)
			RefreshPlugins (0ms)
			BeforeProcessingInitializeOnLoad (2ms)
			ProcessInitializeOnLoadAttributes (134ms)
			ProcessInitializeOnLoadMethodAttributes (50ms)
			AfterProcessingInitializeOnLoad (0ms)
			EditorAssembliesLoaded (0ms)
		ExecutionOrderSort2 (0ms)
		AwakeInstancesAfterBackupRestoration (0ms)
========================================================================
Worker process is ready to serve import requests
Begin MonoManager ReloadAssembly
- Loaded All Assemblies, in  0.694 seconds
Refreshing native plugins compatible for Editor in 2.77 ms, found 3 plugins.
Native extension for WindowsStandalone target not found
Package Manager log level set to [2]
[Package Manager] Server::EnsureServerProcessIsRunning -- launch failed, reason: Unity was launched with the -noUpm command-line argument
[Package Manager] UpmClient::Send -- Unable to send message (not connected to UPM process).
[Package Manager] Cannot connect to Unity Package Manager local server
Mono: successfully reloaded assembly
- Finished resetting the current domain, in  0.551 seconds
Domain Reload Profiling: 1242ms
	BeginReloadAssembly (161ms)
		ExecutionOrderSort (0ms)
		DisableScriptedObjects (7ms)
		BackupInstance (0ms)
		ReleaseScriptingObjects (0ms)
		CreateAndSetChildDomain (30ms)
	RebuildCommonClasses (34ms)
	RebuildNativeTypeToScriptingClass (11ms)
	initialDomainReloadingComplete (49ms)
	LoadAllAssembliesAndSetupDomain (435ms)
		LoadAssemblies (325ms)
		RebuildTransferFunctionScriptingTraits (0ms)
		AnalyzeDomain (202ms)
			TypeCache.Refresh (178ms)
				TypeCache.ScanAssembly (160ms)
			ScanForSourceGeneratedMonoScriptInfo (18ms)
			ResolveRequiredComponents (6ms)
	FinalizeReload (551ms)
		ReleaseScriptCaches (0ms)
		RebuildScriptCaches (0ms)
		SetupLoadedEditorAssemblies (406ms)
			LogAssemblyErrors (0ms)
			InitializePlatformSupportModulesInManaged (5ms)
			SetLoadedEditorAssemblies (2ms)
			RefreshPlugins (0ms)
			BeforeProcessingInitializeOnLoad (66ms)
			ProcessInitializeOnLoadAttributes (309ms)
			ProcessInitializeOnLoadMethodAttributes (16ms)
			AfterProcessingInitializeOnLoad (7ms)
			EditorAssembliesLoaded (0ms)
		ExecutionOrderSort2 (0ms)
		AwakeInstancesAfterBackupRestoration (5ms)
Launched and connected shader compiler UnityShaderCompiler.exe after 0.05 seconds
Refreshing native plugins compatible for Editor in 9.06 ms, found 3 plugins.
Preloading 0 native plugins for Editor in 0.00 ms.
Unloading 3254 Unused Serialized files (Serialized files now loaded: 0)
Unloading 44 unused Assets / (130.1 KB). Loaded Objects now: 3722.
Memory consumption went from 123.2 MB to 123.1 MB.
Total: 6.818400 ms (FindLiveObjects: 0.646300 ms CreateObjectMapping: 0.442100 ms MarkObjects: 5.075800 ms  DeleteObjects: 0.652500 ms)

AssetImportParameters requested are different than current active one (requested -> active):
  custom:container-demuxer-ogg: 62fdf1f143b41e24485cea50d1cbac27 -> 
  custom:video-codec-MediaFoundation-h265: 746d11721c4dcdbdad8f713fa42b33f4 -> 
  custom:video-decoder-ogg-theora: a1e56fd34408186e4bbccfd4996cb3dc -> 
  custom:framework-win-MediaFoundation: 216162199b28c13a410421893ffa2e32 -> 
  custom:CustomObjectIndexerAttribute: 756ad292c208cfabdd7b50bc23989ffe -> 
  custom:container-demuxer-webm: 4f35f7cbe854078d1ac9338744f61a02 -> 
  custom:container-muxer-webm: aa71ff27fc2769a1b78a27578f13a17b -> 
  custom:video-decoder-webm-vp8: 9c59270c3fd7afecdb556c50c9e8de78 -> 
  custom:SearchIndexIgnoredProperties: e643bd26f0fe6173181afceb89e7c659 -> 
  custom:AudioImporter_EditorPlatform: d09bf68614088b80899f8185d706f6e7 -> 
  custom:video-encoder-webm-vp8: eb34c28f22e8b96e1ab97ce403110664 -> 
  custom:audio-decoder-ogg-vorbis: bf7c407c2cedff20999df2af8eb42d56 -> 
  custom:audio-encoder-webm-vorbis: bf7c407c2cedff20999df2af8eb42d56 -> 
========================================================================
Received Prepare
Begin MonoManager ReloadAssembly
- Loaded All Assemblies, in  0.356 seconds
Refreshing native plugins compatible for Editor in 3.14 ms, found 3 plugins.
Native extension for WindowsStandalone target not found
[Package Manager] Server::EnsureServerProcessIsRunning -- launch failed, reason: Unity was launched with the -noUpm command-line argument
[Package Manager] UpmClient::Send -- Unable to send message (not connected to UPM process).
[Package Manager] Cannot connect to Unity Package Manager local server
Mono: successfully reloaded assembly
- Finished resetting the current domain, in  0.860 seconds
Domain Reload Profiling: 1214ms
	BeginReloadAssembly (134ms)
		ExecutionOrderSort (0ms)
		DisableScriptedObjects (4ms)
		BackupInstance (0ms)
		ReleaseScriptingObjects (0ms)
		CreateAndSetChildDomain (31ms)
	RebuildCommonClasses (25ms)
	RebuildNativeTypeToScriptingClass (8ms)
	initialDomainReloadingComplete (24ms)
	LoadAllAssembliesAndSetupDomain (162ms)
		LoadAssemblies (220ms)
		RebuildTransferFunctionScriptingTraits (0ms)
		AnalyzeDomain (11ms)
			TypeCache.Refresh (5ms)
				TypeCache.ScanAssembly (0ms)
			ScanForSourceGeneratedMonoScriptInfo (0ms)
			ResolveRequiredComponents (4ms)
	FinalizeReload (860ms)
		ReleaseScriptCaches (0ms)
		RebuildScriptCaches (0ms)
		SetupLoadedEditorAssemblies (399ms)
			LogAssemblyErrors (0ms)
			InitializePlatformSupportModulesInManaged (5ms)
			SetLoadedEditorAssemblies (2ms)
			RefreshPlugins (0ms)
			BeforeProcessingInitializeOnLoad (54ms)
			ProcessInitializeOnLoadAttributes (309ms)
			ProcessInitializeOnLoadMethodAttributes (20ms)
			AfterProcessingInitializeOnLoad (8ms)
			EditorAssembliesLoaded (0ms)
		ExecutionOrderSort2 (0ms)
		AwakeInstancesAfterBackupRestoration (7ms)
Refreshing native plugins compatible for Editor in 4.47 ms, found 3 plugins.
Preloading 0 native plugins for Editor in 0.00 ms.
Unloading 3241 Unused Serialized files (Serialized files now loaded: 0)
Unloading 23 unused Assets / (101.7 KB). Loaded Objects now: 3737.
Memory consumption went from 120.8 MB to 120.7 MB.
Total: 3.794900 ms (FindLiveObjects: 0.304900 ms CreateObjectMapping: 0.280500 ms MarkObjects: 3.120700 ms  DeleteObjects: 0.088100 ms)

Prepare: number of updated asset objects reloaded= 0
AssetImportParameters requested are different than current active one (requested -> active):
  custom:container-demuxer-ogg: 62fdf1f143b41e24485cea50d1cbac27 -> 
  custom:video-codec-MediaFoundation-h265: 746d11721c4dcdbdad8f713fa42b33f4 -> 
  custom:video-decoder-ogg-theora: a1e56fd34408186e4bbccfd4996cb3dc -> 
  custom:framework-win-MediaFoundation: 216162199b28c13a410421893ffa2e32 -> 
  custom:CustomObjectIndexerAttribute: 756ad292c208cfabdd7b50bc23989ffe -> 
  custom:container-demuxer-webm: 4f35f7cbe854078d1ac9338744f61a02 -> 
  custom:container-muxer-webm: aa71ff27fc2769a1b78a27578f13a17b -> 
  custom:video-decoder-webm-vp8: 9c59270c3fd7afecdb556c50c9e8de78 -> 
  custom:SearchIndexIgnoredProperties: e643bd26f0fe6173181afceb89e7c659 -> 
  custom:AudioImporter_EditorPlatform: d09bf68614088b80899f8185d706f6e7 -> 
  custom:video-encoder-webm-vp8: eb34c28f22e8b96e1ab97ce403110664 -> 
  custom:audio-decoder-ogg-vorbis: bf7c407c2cedff20999df2af8eb42d56 -> 
  custom:audio-encoder-webm-vorbis: bf7c407c2cedff20999df2af8eb42d56 -> 
========================================================================
Received Import Request.
  Time since last request: 80829.693531 seconds.
  path: Assets/Materials/Blue.mat
  artifactKey: Guid(97a681826f0b7fc46a0a006176c7120c) Importer(815301076,1909f56bfc062723c751e8b465ee728b)
Start importing Assets/Materials/Blue.mat using Guid(97a681826f0b7fc46a0a006176c7120c) Importer(815301076,1909f56bfc062723c751e8b465ee728b)  -> (artifact id: 'f5ed71f5038ce798ab6582e095d82ffd') in 0.108842 seconds
Number of updated asset objects reloaded before import = 0
Number of asset objects unloaded after import = 1
========================================================================
Received Import Request.
  Time since last request: 0.000019 seconds.
  path: Assets/Materials/Purple.mat
  artifactKey: Guid(e31eeb12a3221e74bb07f40c214f1a53) Importer(815301076,1909f56bfc062723c751e8b465ee728b)
Start importing Assets/Materials/Purple.mat using Guid(e31eeb12a3221e74bb07f40c214f1a53) Importer(815301076,1909f56bfc062723c751e8b465ee728b)  -> (artifact id: '4c0244ffe0100f721ea80d1c8fc1006d') in 0.015925 seconds
Number of updated asset objects reloaded before import = 0
Number of asset objects unloaded after import = 1
========================================================================
Received Import Request.
  Time since last request: 0.000015 seconds.
  path: Assets/Materials/Yellow.mat
  artifactKey: Guid(334d2618b86d3ec429fa1b3024dac988) Importer(815301076,1909f56bfc062723c751e8b465ee728b)
Start importing Assets/Materials/Yellow.mat using Guid(334d2618b86d3ec429fa1b3024dac988) Importer(815301076,1909f56bfc062723c751e8b465ee728b)  -> (artifact id: 'a0aa408c5855a2ad76c51ee1e865a935') in 0.019671 seconds
Number of updated asset objects reloaded before import = 0
Number of asset objects unloaded after import = 1
========================================================================
Received Import Request.
  Time since last request: 0.000015 seconds.
  path: Assets/Materials/Green.mat
  artifactKey: Guid(e6657360e862f8147834a35176c7856b) Importer(815301076,1909f56bfc062723c751e8b465ee728b)
Start importing Assets/Materials/Green.mat using Guid(e6657360e862f8147834a35176c7856b) Importer(815301076,1909f56bfc062723c751e8b465ee728b)  -> (artifact id: '64c49b6f350d9f1e9623ef36c3b9ab0e') in 0.012274 seconds
Number of updated asset objects reloaded before import = 0
Number of asset objects unloaded after import = 1
========================================================================
Received Import Request.
  Time since last request: 0.000043 seconds.
  path: Assets/Materials/Red.mat
  artifactKey: Guid(54cbbe471cabce34a88f0a64fa77dd9b) Importer(815301076,1909f56bfc062723c751e8b465ee728b)
Start importing Assets/Materials/Red.mat using Guid(54cbbe471cabce34a88f0a64fa77dd9b) Importer(815301076,1909f56bfc062723c751e8b465ee728b)  -> (artifact id: '9dc0344ad0420359d7dd41a3e1e4c5ab') in 0.013636 seconds
Number of updated asset objects reloaded before import = 0
Number of asset objects unloaded after import = 1
========================================================================
Received Import Request.
  Time since last request: 0.000025 seconds.
  path: Assets/Materials/Gark Green.mat
  artifactKey: Guid(56e65ccc7489dd54ea6d49434aded4e1) Importer(815301076,1909f56bfc062723c751e8b465ee728b)
Start importing Assets/Materials/Gark Green.mat using Guid(56e65ccc7489dd54ea6d49434aded4e1) Importer(815301076,1909f56bfc062723c751e8b465ee728b)  -> (artifact id: '0a0e00d317af64c37dc808f3e77dcec1') in 0.013161 seconds
Number of updated asset objects reloaded before import = 0
Number of asset objects unloaded after import = 1
========================================================================
Received Import Request.
  Time since last request: 0.000016 seconds.
  path: Assets/Materials/White.mat
  artifactKey: Guid(a2b5e33584c2fb14796cfed6aaa403db) Importer(815301076,1909f56bfc062723c751e8b465ee728b)
Start importing Assets/Materials/White.mat using Guid(a2b5e33584c2fb14796cfed6aaa403db) Importer(815301076,1909f56bfc062723c751e8b465ee728b)  -> (artifact id: '6d198d63553842e84bc4d5a9c0528132') in 0.013985 seconds
Number of updated asset objects reloaded before import = 0
Number of asset objects unloaded after import = 1
========================================================================
Received Import Request.
  Time since last request: 39.952148 seconds.
  path: Assets/Materials/img_sky 1.jpg
  artifactKey: Guid(70924936d4297194e8367ce21bd66673) Importer(815301076,1909f56bfc062723c751e8b465ee728b)
Start importing Assets/Materials/img_sky 1.jpg using Guid(70924936d4297194e8367ce21bd66673) Importer(815301076,1909f56bfc062723c751e8b465ee728b)  -> (artifact id: '8311d6931b7523881df0f8c3827e887a') in 0.019832 seconds
Number of updated asset objects reloaded before import = 0
Number of asset objects unloaded after import = 2
========================================================================
Received Import Request.
  Time since last request: 34.868907 seconds.
  path: Assets/TerrainData_436ed6f3-dc43-4b6b-a740-40b3233c0997.asset
  artifactKey: Guid(79597d988bca8a54887040ff11645f48) Importer(815301076,1909f56bfc062723c751e8b465ee728b)
Start importing Assets/TerrainData_436ed6f3-dc43-4b6b-a740-40b3233c0997.asset using Guid(79597d988bca8a54887040ff11645f48) Importer(815301076,1909f56bfc062723c751e8b465ee728b)  -> (artifact id: 'a9d2c3728b9311e4b5c6eb08a88c9072') in 0.007017 seconds
Number of updated asset objects reloaded before import = 0
Number of asset objects unloaded after import = 1
========================================================================
Received Import Request.
  Time since last request: 0.000013 seconds.
  path: Assets/TerrainData_f011fce4-0fea-4866-95d4-1073adf16ef5.asset
  artifactKey: Guid(201419245ccd25244ae955598a78aacc) Importer(815301076,1909f56bfc062723c751e8b465ee728b)
Start importing Assets/TerrainData_f011fce4-0fea-4866-95d4-1073adf16ef5.asset using Guid(201419245ccd25244ae955598a78aacc) Importer(815301076,1909f56bfc062723c751e8b465ee728b)  -> (artifact id: '1b3aef17c4cdbb0af0e8e92642dd9bce') in 0.005077 seconds
Number of updated asset objects reloaded before import = 0
Number of asset objects unloaded after import = 1
========================================================================
Received Import Request.
  Time since last request: 0.000013 seconds.
  path: Assets/TerrainData_c01eadc9-dbfe-456f-a0fd-267f3f0d26b6.asset
  artifactKey: Guid(9645ac4c83aef154e824393dde8de0ad) Importer(815301076,1909f56bfc062723c751e8b465ee728b)
Start importing Assets/TerrainData_c01eadc9-dbfe-456f-a0fd-267f3f0d26b6.asset using Guid(9645ac4c83aef154e824393dde8de0ad) Importer(815301076,1909f56bfc062723c751e8b465ee728b)  -> (artifact id: 'b7465ce3bde317b927ad16440a5a548a') in 0.004673 seconds
Number of updated asset objects reloaded before import = 0
Number of asset objects unloaded after import = 1
========================================================================
Received Import Request.
  Time since last request: 0.000014 seconds.
  path: Assets/TerrainData_b5109ce8-ef67-4221-ad90-526d4e08b73e.asset
  artifactKey: Guid(d6cecdd2cfc634542bd53a0cf78c3da5) Importer(815301076,1909f56bfc062723c751e8b465ee728b)
Start importing Assets/TerrainData_b5109ce8-ef67-4221-ad90-526d4e08b73e.asset using Guid(d6cecdd2cfc634542bd53a0cf78c3da5) Importer(815301076,1909f56bfc062723c751e8b465ee728b)  -> (artifact id: '3c3a293ad74c471605cd631a454f5975') in 0.004585 seconds
Number of updated asset objects reloaded before import = 0
Number of asset objects unloaded after import = 1
========================================================================
Received Import Request.
  Time since last request: 0.000015 seconds.
  path: Assets/TerrainData_d0d0afd3-1d74-47f9-9313-24f16fe24b0f.asset
  artifactKey: Guid(db9bc6c9669fea54eb93803ba5d912da) Importer(815301076,1909f56bfc062723c751e8b465ee728b)
Start importing Assets/TerrainData_d0d0afd3-1d74-47f9-9313-24f16fe24b0f.asset using Guid(db9bc6c9669fea54eb93803ba5d912da) Importer(815301076,1909f56bfc062723c751e8b465ee728b)  -> (artifact id: '345a9e9ce81aa2a76fa77c1e75254170') in 0.004289 seconds
Number of updated asset objects reloaded before import = 0
Number of asset objects unloaded after import = 1
========================================================================
Received Prepare
Begin MonoManager ReloadAssembly
- Loaded All Assemblies, in  0.370 seconds
Refreshing native plugins compatible for Editor in 3.35 ms, found 3 plugins.
Native extension for WindowsStandalone target not found
[Package Manager] Server::EnsureServerProcessIsRunning -- launch failed, reason: Unity was launched with the -noUpm command-line argument
[Package Manager] UpmClient::Send -- Unable to send message (not connected to UPM process).
[Package Manager] Cannot connect to Unity Package Manager local server
Mono: successfully reloaded assembly
- Finished resetting the current domain, in  0.986 seconds
Domain Reload Profiling: 1354ms
	BeginReloadAssembly (135ms)
		ExecutionOrderSort (0ms)
		DisableScriptedObjects (3ms)
		BackupInstance (0ms)
		ReleaseScriptingObjects (0ms)
		CreateAndSetChildDomain (38ms)
	RebuildCommonClasses (25ms)
	RebuildNativeTypeToScriptingClass (9ms)
	initialDomainReloadingComplete (26ms)
	LoadAllAssembliesAndSetupDomain (173ms)
		LoadAssemblies (229ms)
		RebuildTransferFunctionScriptingTraits (0ms)
		AnalyzeDomain (11ms)
			TypeCache.Refresh (5ms)
				TypeCache.ScanAssembly (0ms)
			ScanForSourceGeneratedMonoScriptInfo (0ms)
			ResolveRequiredComponents (5ms)
	FinalizeReload (987ms)
		ReleaseScriptCaches (0ms)
		RebuildScriptCaches (0ms)
		SetupLoadedEditorAssemblies (445ms)
			LogAssemblyErrors (0ms)
			InitializePlatformSupportModulesInManaged (7ms)
			SetLoadedEditorAssemblies (4ms)
			RefreshPlugins (0ms)
			BeforeProcessingInitializeOnLoad (71ms)
			ProcessInitializeOnLoadAttributes (334ms)
			ProcessInitializeOnLoadMethodAttributes (21ms)
			AfterProcessingInitializeOnLoad (9ms)
			EditorAssembliesLoaded (0ms)
		ExecutionOrderSort2 (0ms)
		AwakeInstancesAfterBackupRestoration (7ms)
Refreshing native plugins compatible for Editor in 3.82 ms, found 3 plugins.
Preloading 0 native plugins for Editor in 0.00 ms.
Unloading 3240 Unused Serialized files (Serialized files now loaded: 0)
Unloading 25 unused Assets / (501.7 KB). Loaded Objects now: 3795.
Memory consumption went from 126.0 MB to 125.5 MB.
Total: 4.175900 ms (FindLiveObjects: 0.337800 ms CreateObjectMapping: 0.212600 ms MarkObjects: 3.112100 ms  DeleteObjects: 0.512500 ms)

Prepare: number of updated asset objects reloaded= 0
AssetImportParameters requested are different than current active one (requested -> active):
  custom:container-demuxer-ogg: 62fdf1f143b41e24485cea50d1cbac27 -> 
  custom:video-codec-MediaFoundation-h265: 746d11721c4dcdbdad8f713fa42b33f4 -> 
  custom:video-decoder-ogg-theora: a1e56fd34408186e4bbccfd4996cb3dc -> 
  custom:framework-win-MediaFoundation: 216162199b28c13a410421893ffa2e32 -> 
  custom:CustomObjectIndexerAttribute: 756ad292c208cfabdd7b50bc23989ffe -> 
  custom:container-demuxer-webm: 4f35f7cbe854078d1ac9338744f61a02 -> 
  custom:container-muxer-webm: aa71ff27fc2769a1b78a27578f13a17b -> 
  custom:video-decoder-webm-vp8: 9c59270c3fd7afecdb556c50c9e8de78 -> 
  custom:SearchIndexIgnoredProperties: e643bd26f0fe6173181afceb89e7c659 -> 
  custom:AudioImporter_EditorPlatform: d09bf68614088b80899f8185d706f6e7 -> 
  custom:video-encoder-webm-vp8: eb34c28f22e8b96e1ab97ce403110664 -> 
  custom:audio-decoder-ogg-vorbis: bf7c407c2cedff20999df2af8eb42d56 -> 
  custom:audio-encoder-webm-vorbis: bf7c407c2cedff20999df2af8eb42d56 -> 
========================================================================
Received Import Request.
  Time since last request: 301.772056 seconds.
  path: Assets/Material/Remy_Body_Diffuse.png
  artifactKey: Guid(d190cb0d979ea43e19e20335b2697855) Importer(815301076,1909f56bfc062723c751e8b465ee728b)
Start importing Assets/Material/Remy_Body_Diffuse.png using Guid(d190cb0d979ea43e19e20335b2697855) Importer(815301076,1909f56bfc062723c751e8b465ee728b)  -> (artifact id: '871729f67edd247069f1f4dc4c22aa91') in 0.054647 seconds
Number of updated asset objects reloaded before import = 0
Number of asset objects unloaded after import = 2
========================================================================
Received Import Request.
  Time since last request: 0.000023 seconds.
  path: Assets/Material/Remy_Shoes_Specular.png
  artifactKey: Guid(e924422c459ed47599c667000fa076b2) Importer(815301076,1909f56bfc062723c751e8b465ee728b)
Start importing Assets/Material/Remy_Shoes_Specular.png using Guid(e924422c459ed47599c667000fa076b2) Importer(815301076,1909f56bfc062723c751e8b465ee728b)  -> (artifact id: '96141fa832555cc466ba4a8090072fd7') in 0.019589 seconds
Number of updated asset objects reloaded before import = 0
Number of asset objects unloaded after import = 2
========================================================================
Received Import Request.
  Time since last request: 0.000017 seconds.
  path: Assets/Material/Remy_Bottom_Gloss.png
  artifactKey: Guid(0d7ea79cdfb9a40f4b0f2ab5dd6b4140) Importer(815301076,1909f56bfc062723c751e8b465ee728b)
Start importing Assets/Material/Remy_Bottom_Gloss.png using Guid(0d7ea79cdfb9a40f4b0f2ab5dd6b4140) Importer(815301076,1909f56bfc062723c751e8b465ee728b)  -> (artifact id: 'aea9019dfc0ec325115280682c354047') in 0.013643 seconds
Number of updated asset objects reloaded before import = 0
Number of asset objects unloaded after import = 2
========================================================================
Received Import Request.
  Time since last request: 0.000015 seconds.
  path: Assets/Material/Remy_Body_Gloss.png
  artifactKey: Guid(b38b81623fa7340e2b79cfd1d067f7eb) Importer(815301076,1909f56bfc062723c751e8b465ee728b)
Start importing Assets/Material/Remy_Body_Gloss.png using Guid(b38b81623fa7340e2b79cfd1d067f7eb) Importer(815301076,1909f56bfc062723c751e8b465ee728b)  -> (artifact id: '7308b9f588de10d33e677651464e0827') in 0.018129 seconds
Number of updated asset objects reloaded before import = 0
Number of asset objects unloaded after import = 2
========================================================================
Received Import Request.
  Time since last request: 0.000013 seconds.
  path: Assets/Material/Remy_Bottom_Diffuse.png
  artifactKey: Guid(70a0db18e8f22491691c703c875d0da2) Importer(815301076,1909f56bfc062723c751e8b465ee728b)
Start importing Assets/Material/Remy_Bottom_Diffuse.png using Guid(70a0db18e8f22491691c703c875d0da2) Importer(815301076,1909f56bfc062723c751e8b465ee728b)  -> (artifact id: 'ea32874cfb0d32b8055bb5af59f44fb4') in 0.018944 seconds
Number of updated asset objects reloaded before import = 0
Number of asset objects unloaded after import = 2
========================================================================
Received Import Request.
  Time since last request: 0.000013 seconds.
  path: Assets/Material/Remy_Shoes_Diffuse.png
  artifactKey: Guid(11c345e880efd4d6388ea393303ca6ea) Importer(815301076,1909f56bfc062723c751e8b465ee728b)
Start importing Assets/Material/Remy_Shoes_Diffuse.png using Guid(11c345e880efd4d6388ea393303ca6ea) Importer(815301076,1909f56bfc062723c751e8b465ee728b)  -> (artifact id: '04fb687d81918b9c9421d331aee98201') in 0.017202 seconds
Number of updated asset objects reloaded before import = 0
Number of asset objects unloaded after import = 2
========================================================================
Received Import Request.
  Time since last request: 0.000017 seconds.
  path: Assets/Material/Remy_Hair_Gloss.png
  artifactKey: Guid(9b574bef8ad2e4102b11b5fd5e05a46b) Importer(815301076,1909f56bfc062723c751e8b465ee728b)
Start importing Assets/Material/Remy_Hair_Gloss.png using Guid(9b574bef8ad2e4102b11b5fd5e05a46b) Importer(815301076,1909f56bfc062723c751e8b465ee728b)  -> (artifact id: 'ce8e334ea1d939bb12f270236bf6a3bc') in 0.016397 seconds
Number of updated asset objects reloaded before import = 0
Number of asset objects unloaded after import = 2
========================================================================
Received Import Request.
  Time since last request: 0.000016 seconds.
  path: Assets/Material/Remy_Top_Diffuse.png
  artifactKey: Guid(adec9cf3848c84e238524ce2a99d0136) Importer(815301076,1909f56bfc062723c751e8b465ee728b)
Start importing Assets/Material/Remy_Top_Diffuse.png using Guid(adec9cf3848c84e238524ce2a99d0136) Importer(815301076,1909f56bfc062723c751e8b465ee728b)  -> (artifact id: '3ba3e0a7b7da60d20439df1f9d3d5e58') in 0.016653 seconds
Number of updated asset objects reloaded before import = 0
Number of asset objects unloaded after import = 2
========================================================================
Received Import Request.
  Time since last request: 0.000024 seconds.
  path: Assets/Material/Remy_Hair_Normal.png
  artifactKey: Guid(860d6588f187e49f4831d3da7e84acaa) Importer(815301076,1909f56bfc062723c751e8b465ee728b)
Start importing Assets/Material/Remy_Hair_Normal.png using Guid(860d6588f187e49f4831d3da7e84acaa) Importer(815301076,1909f56bfc062723c751e8b465ee728b)  -> (artifact id: '453a40e1eae63155673f889213cd2c88') in 0.026312 seconds
Number of updated asset objects reloaded before import = 0
Number of asset objects unloaded after import = 2
========================================================================
Received Import Request.
  Time since last request: 0.000017 seconds.
  path: Assets/Material/Remy_Hair_Diffuse.png
  artifactKey: Guid(bc5c57d3b2db44293bf7b6c7548d15c4) Importer(815301076,1909f56bfc062723c751e8b465ee728b)
Start importing Assets/Material/Remy_Hair_Diffuse.png using Guid(bc5c57d3b2db44293bf7b6c7548d15c4) Importer(815301076,1909f56bfc062723c751e8b465ee728b)  -> (artifact id: '633788d5f2fd582d08ef6ea0059dd249') in 0.017525 seconds
Number of updated asset objects reloaded before import = 0
Number of asset objects unloaded after import = 2
========================================================================
Received Import Request.
  Time since last request: 0.000014 seconds.
  path: Assets/Material/Remy_Hair_Specular.png
  artifactKey: Guid(09cb20248532b4b6c918922dca1d7b97) Importer(815301076,1909f56bfc062723c751e8b465ee728b)
Start importing Assets/Material/Remy_Hair_Specular.png using Guid(09cb20248532b4b6c918922dca1d7b97) Importer(815301076,1909f56bfc062723c751e8b465ee728b)  -> (artifact id: '3ea4e03461d10e1e99d2c9b8722af6d3') in 0.016651 seconds
Number of updated asset objects reloaded before import = 0
Number of asset objects unloaded after import = 2
========================================================================
Received Import Request.
  Time since last request: 0.000021 seconds.
  path: Assets/Material/Remy_Body_Specular.png
  artifactKey: Guid(2b3fd625092df4136aed446ce75fcc15) Importer(815301076,1909f56bfc062723c751e8b465ee728b)
Start importing Assets/Material/Remy_Body_Specular.png using Guid(2b3fd625092df4136aed446ce75fcc15) Importer(815301076,1909f56bfc062723c751e8b465ee728b)  -> (artifact id: '33c96d1fb4ba469063d9576b211c690c') in 0.016725 seconds
Number of updated asset objects reloaded before import = 0
Number of asset objects unloaded after import = 2
========================================================================
Received Prepare
Begin MonoManager ReloadAssembly
- Loaded All Assemblies, in  0.371 seconds
Refreshing native plugins compatible for Editor in 2.80 ms, found 3 plugins.
Native extension for WindowsStandalone target not found
[Package Manager] Server::EnsureServerProcessIsRunning -- launch failed, reason: Unity was launched with the -noUpm command-line argument
[Package Manager] UpmClient::Send -- Unable to send message (not connected to UPM process).
[Package Manager] Cannot connect to Unity Package Manager local server
Mono: successfully reloaded assembly
- Finished resetting the current domain, in  0.785 seconds
Domain Reload Profiling: 1153ms
	BeginReloadAssembly (133ms)
		ExecutionOrderSort (0ms)
		DisableScriptedObjects (4ms)
		BackupInstance (0ms)
		ReleaseScriptingObjects (0ms)
		CreateAndSetChildDomain (30ms)
	RebuildCommonClasses (27ms)
	RebuildNativeTypeToScriptingClass (9ms)
	initialDomainReloadingComplete (26ms)
	LoadAllAssembliesAndSetupDomain (173ms)
		LoadAssemblies (233ms)
		RebuildTransferFunctionScriptingTraits (0ms)
		AnalyzeDomain (10ms)
			TypeCache.Refresh (5ms)
				TypeCache.ScanAssembly (0ms)
			ScanForSourceGeneratedMonoScriptInfo (0ms)
			ResolveRequiredComponents (4ms)
	FinalizeReload (785ms)
		ReleaseScriptCaches (0ms)
		RebuildScriptCaches (0ms)
		SetupLoadedEditorAssemblies (329ms)
			LogAssemblyErrors (0ms)
			InitializePlatformSupportModulesInManaged (7ms)
			SetLoadedEditorAssemblies (2ms)
			RefreshPlugins (0ms)
			BeforeProcessingInitializeOnLoad (51ms)
			ProcessInitializeOnLoadAttributes (247ms)
			ProcessInitializeOnLoadMethodAttributes (15ms)
			AfterProcessingInitializeOnLoad (7ms)
			EditorAssembliesLoaded (0ms)
		ExecutionOrderSort2 (0ms)
		AwakeInstancesAfterBackupRestoration (5ms)
Refreshing native plugins compatible for Editor in 4.05 ms, found 3 plugins.
Preloading 0 native plugins for Editor in 0.00 ms.
Unloading 3240 Unused Serialized files (Serialized files now loaded: 0)
Unloading 23 unused Assets / (101.8 KB). Loaded Objects now: 3812.
Memory consumption went from 125.6 MB to 125.5 MB.
Total: 4.559300 ms (FindLiveObjects: 0.382600 ms CreateObjectMapping: 0.349100 ms MarkObjects: 3.704900 ms  DeleteObjects: 0.121700 ms)

Prepare: number of updated asset objects reloaded= 0
AssetImportParameters requested are different than current active one (requested -> active):
  custom:container-demuxer-ogg: 62fdf1f143b41e24485cea50d1cbac27 -> 
  custom:video-codec-MediaFoundation-h265: 746d11721c4dcdbdad8f713fa42b33f4 -> 
  custom:video-decoder-ogg-theora: a1e56fd34408186e4bbccfd4996cb3dc -> 
  custom:framework-win-MediaFoundation: 216162199b28c13a410421893ffa2e32 -> 
  custom:CustomObjectIndexerAttribute: 756ad292c208cfabdd7b50bc23989ffe -> 
  custom:container-demuxer-webm: 4f35f7cbe854078d1ac9338744f61a02 -> 
  custom:container-muxer-webm: aa71ff27fc2769a1b78a27578f13a17b -> 
  custom:video-decoder-webm-vp8: 9c59270c3fd7afecdb556c50c9e8de78 -> 
  custom:SearchIndexIgnoredProperties: e643bd26f0fe6173181afceb89e7c659 -> 
  custom:AudioImporter_EditorPlatform: d09bf68614088b80899f8185d706f6e7 -> 
  custom:video-encoder-webm-vp8: eb34c28f22e8b96e1ab97ce403110664 -> 
  custom:audio-decoder-ogg-vorbis: bf7c407c2cedff20999df2af8eb42d56 -> 
  custom:audio-encoder-webm-vorbis: bf7c407c2cedff20999df2af8eb42d56 -> 
========================================================================
Received Prepare
Begin MonoManager ReloadAssembly
- Loaded All Assemblies, in  0.387 seconds
Refreshing native plugins compatible for Editor in 2.93 ms, found 3 plugins.
Native extension for WindowsStandalone target not found
[Package Manager] Server::EnsureServerProcessIsRunning -- launch failed, reason: Unity was launched with the -noUpm command-line argument
[Package Manager] UpmClient::Send -- Unable to send message (not connected to UPM process).
[Package Manager] Cannot connect to Unity Package Manager local server
Mono: successfully reloaded assembly
- Finished resetting the current domain, in  0.771 seconds
Domain Reload Profiling: 1156ms
	BeginReloadAssembly (149ms)
		ExecutionOrderSort (0ms)
		DisableScriptedObjects (5ms)
		BackupInstance (0ms)
		ReleaseScriptingObjects (0ms)
		CreateAndSetChildDomain (31ms)
	RebuildCommonClasses (26ms)
	RebuildNativeTypeToScriptingClass (8ms)
	initialDomainReloadingComplete (26ms)
	LoadAllAssembliesAndSetupDomain (175ms)
		LoadAssemblies (248ms)
		RebuildTransferFunctionScriptingTraits (0ms)
		AnalyzeDomain (10ms)
			TypeCache.Refresh (4ms)
				TypeCache.ScanAssembly (0ms)
			ScanForSourceGeneratedMonoScriptInfo (0ms)
			ResolveRequiredComponents (5ms)
	FinalizeReload (772ms)
		ReleaseScriptCaches (0ms)
		RebuildScriptCaches (0ms)
		SetupLoadedEditorAssemblies (327ms)
			LogAssemblyErrors (0ms)
			InitializePlatformSupportModulesInManaged (5ms)
			SetLoadedEditorAssemblies (2ms)
			RefreshPlugins (0ms)
			BeforeProcessingInitializeOnLoad (53ms)
			ProcessInitializeOnLoadAttributes (240ms)
			ProcessInitializeOnLoadMethodAttributes (19ms)
			AfterProcessingInitializeOnLoad (7ms)
			EditorAssembliesLoaded (0ms)
		ExecutionOrderSort2 (0ms)
		AwakeInstancesAfterBackupRestoration (5ms)
Refreshing native plugins compatible for Editor in 3.99 ms, found 3 plugins.
Preloading 0 native plugins for Editor in 0.00 ms.
Unloading 3241 Unused Serialized files (Serialized files now loaded: 0)
Unloading 23 unused Assets / (101.8 KB). Loaded Objects now: 3827.
Memory consumption went from 125.9 MB to 125.8 MB.
Total: 3.885500 ms (FindLiveObjects: 0.344700 ms CreateObjectMapping: 0.297700 ms MarkObjects: 3.153100 ms  DeleteObjects: 0.088800 ms)

Prepare: number of updated asset objects reloaded= 0
AssetImportParameters requested are different than current active one (requested -> active):
  custom:container-demuxer-ogg: 62fdf1f143b41e24485cea50d1cbac27 -> 
  custom:video-codec-MediaFoundation-h265: 746d11721c4dcdbdad8f713fa42b33f4 -> 
  custom:video-decoder-ogg-theora: a1e56fd34408186e4bbccfd4996cb3dc -> 
  custom:framework-win-MediaFoundation: 216162199b28c13a410421893ffa2e32 -> 
  custom:CustomObjectIndexerAttribute: 756ad292c208cfabdd7b50bc23989ffe -> 
  custom:container-demuxer-webm: 4f35f7cbe854078d1ac9338744f61a02 -> 
  custom:container-muxer-webm: aa71ff27fc2769a1b78a27578f13a17b -> 
  custom:video-decoder-webm-vp8: 9c59270c3fd7afecdb556c50c9e8de78 -> 
  custom:SearchIndexIgnoredProperties: e643bd26f0fe6173181afceb89e7c659 -> 
  custom:AudioImporter_EditorPlatform: d09bf68614088b80899f8185d706f6e7 -> 
  custom:video-encoder-webm-vp8: eb34c28f22e8b96e1ab97ce403110664 -> 
  custom:audio-decoder-ogg-vorbis: bf7c407c2cedff20999df2af8eb42d56 -> 
  custom:audio-encoder-webm-vorbis: bf7c407c2cedff20999df2af8eb42d56 -> 
========================================================================
Received Prepare
Refreshing native plugins compatible for Editor in 4.28 ms, found 3 plugins.
Preloading 0 native plugins for Editor in 0.00 ms.
Unloading 2 Unused Serialized files (Serialized files now loaded: 0)
Unloading 2 unused Assets / (76.5 KB). Loaded Objects now: 3827.
Memory consumption went from 75.7 MB to 75.7 MB.
Total: 3.085500 ms (FindLiveObjects: 0.253900 ms CreateObjectMapping: 0.177900 ms MarkObjects: 2.618600 ms  DeleteObjects: 0.034300 ms)

Prepare: number of updated asset objects reloaded= 0
AssetImportParameters requested are different than current active one (requested -> active):
  custom:container-demuxer-ogg: 62fdf1f143b41e24485cea50d1cbac27 -> 
  custom:video-codec-MediaFoundation-h265: 746d11721c4dcdbdad8f713fa42b33f4 -> 
  custom:video-decoder-ogg-theora: a1e56fd34408186e4bbccfd4996cb3dc -> 
  custom:framework-win-MediaFoundation: 216162199b28c13a410421893ffa2e32 -> 
  custom:CustomObjectIndexerAttribute: 756ad292c208cfabdd7b50bc23989ffe -> 
  custom:container-demuxer-webm: 4f35f7cbe854078d1ac9338744f61a02 -> 
  custom:container-muxer-webm: aa71ff27fc2769a1b78a27578f13a17b -> 
  custom:video-decoder-webm-vp8: 9c59270c3fd7afecdb556c50c9e8de78 -> 
  custom:SearchIndexIgnoredProperties: e643bd26f0fe6173181afceb89e7c659 -> 
  custom:AudioImporter_EditorPlatform: d09bf68614088b80899f8185d706f6e7 -> 
  custom:video-encoder-webm-vp8: eb34c28f22e8b96e1ab97ce403110664 -> 
  custom:audio-decoder-ogg-vorbis: bf7c407c2cedff20999df2af8eb42d56 -> 
  custom:audio-encoder-webm-vorbis: bf7c407c2cedff20999df2af8eb42d56 -> 
========================================================================
Received Import Request.
  Time since last request: 350.166986 seconds.
  path: Assets/Animation/Remy@Crouched Sneaking Left.fbx
  artifactKey: Guid(21273ecbb418142a9ae3c9e50ed7b950) Importer(815301076,1909f56bfc062723c751e8b465ee728b)
Start importing Assets/Animation/Remy@Crouched Sneaking Left.fbx using Guid(21273ecbb418142a9ae3c9e50ed7b950) Importer(815301076,1909f56bfc062723c751e8b465ee728b)  -> (artifact id: '9668890bcf30cdf60cafd4fb21212a68') in 0.026521 seconds
Number of updated asset objects reloaded before import = 0
Number of asset objects unloaded after import = 139
========================================================================
Received Import Request.
  Time since last request: 0.000018 seconds.
  path: Assets/Animation/Remy@Walking.fbx
  artifactKey: Guid(60afe9ccc20d64978acb20f6f8a125c2) Importer(815301076,1909f56bfc062723c751e8b465ee728b)
Start importing Assets/Animation/Remy@Walking.fbx using Guid(60afe9ccc20d64978acb20f6f8a125c2) Importer(815301076,1909f56bfc062723c751e8b465ee728b)  -> (artifact id: '6850b8a281886a08297960451e717ad6') in 0.003370 seconds
Number of updated asset objects reloaded before import = 0
Number of asset objects unloaded after import = 139
========================================================================
Received Import Request.
  Time since last request: 0.000018 seconds.
  path: Assets/Animation/Remy@Left Strafe Walking.fbx
  artifactKey: Guid(31f8705f34c8d4718a9b3c5f4c17323d) Importer(815301076,1909f56bfc062723c751e8b465ee728b)
Start importing Assets/Animation/Remy@Left Strafe Walking.fbx using Guid(31f8705f34c8d4718a9b3c5f4c17323d) Importer(815301076,1909f56bfc062723c751e8b465ee728b)  -> (artifact id: '02c5482018061fbbf111d550adaf6d2c') in 0.003195 seconds
Number of updated asset objects reloaded before import = 0
Number of asset objects unloaded after import = 139
========================================================================
Received Import Request.
  Time since last request: 0.000013 seconds.
  path: Assets/Animation/Remy@Crouched Sneaking Right.fbx
  artifactKey: Guid(80b09d79f2f93402988f137568c58952) Importer(815301076,1909f56bfc062723c751e8b465ee728b)
Start importing Assets/Animation/Remy@Crouched Sneaking Right.fbx using Guid(80b09d79f2f93402988f137568c58952) Importer(815301076,1909f56bfc062723c751e8b465ee728b)  -> (artifact id: '0feaea0133235aa6aede1c0f7dc4f025') in 0.003793 seconds
Number of updated asset objects reloaded before import = 0
Number of asset objects unloaded after import = 139
========================================================================
Received Import Request.
  Time since last request: 0.000013 seconds.
  path: Assets/Animation/Remy@Right Strafe Walking.fbx
  artifactKey: Guid(65619e77c38e0482386f10b035e7c397) Importer(815301076,1909f56bfc062723c751e8b465ee728b)
Start importing Assets/Animation/Remy@Right Strafe Walking.fbx using Guid(65619e77c38e0482386f10b035e7c397) Importer(815301076,1909f56bfc062723c751e8b465ee728b)  -> (artifact id: 'ae373620d936977c298782e7d9766137') in 0.003252 seconds
Number of updated asset objects reloaded before import = 0
Number of asset objects unloaded after import = 139
========================================================================
Received Import Request.
  Time since last request: 0.000010 seconds.
  path: Assets/Animation/Remy@Idle.fbx
  artifactKey: Guid(3101806f326ec40fb88ef7f2f66198dc) Importer(815301076,1909f56bfc062723c751e8b465ee728b)
Start importing Assets/Animation/Remy@Idle.fbx using Guid(3101806f326ec40fb88ef7f2f66198dc) Importer(815301076,1909f56bfc062723c751e8b465ee728b)  -> (artifact id: '44e0d2b42807b22bbf4eab9993a12537') in 0.002538 seconds
Number of updated asset objects reloaded before import = 0
Number of asset objects unloaded after import = 139
========================================================================
Received Import Request.
  Time since last request: 0.718206 seconds.
  path: Assets/_TerrainAutoUpgrade/layer_Grass608c3929b87867c.terrainlayer
  artifactKey: Guid(5eac05c1cca1ec04fa2b6ce98f9ee7fa) Importer(815301076,1909f56bfc062723c751e8b465ee728b)
Start importing Assets/_TerrainAutoUpgrade/layer_Grass608c3929b87867c.terrainlayer using Guid(5eac05c1cca1ec04fa2b6ce98f9ee7fa) Importer(815301076,1909f56bfc062723c751e8b465ee728b)  -> (artifact id: '9de9501c437e99f6524090790345f6f6') in 0.024256 seconds
Number of updated asset objects reloaded before import = 0
Number of asset objects unloaded after import = 2
========================================================================
Received Import Request.
  Time since last request: 0.000019 seconds.
  path: Assets/_TerrainAutoUpgrade/layer_Gravel608c3929b87867c.terrainlayer
  artifactKey: Guid(8c096e8a99756ee4cb42f3054347c578) Importer(815301076,1909f56bfc062723c751e8b465ee728b)
Start importing Assets/_TerrainAutoUpgrade/layer_Gravel608c3929b87867c.terrainlayer using Guid(8c096e8a99756ee4cb42f3054347c578) Importer(815301076,1909f56bfc062723c751e8b465ee728b)  -> (artifact id: 'f241e3069cc348af1aa652ebaac212dc') in 0.015345 seconds
Number of updated asset objects reloaded before import = 0
Number of asset objects unloaded after import = 2
========================================================================
Received Import Request.
  Time since last request: 6.838702 seconds.
  path: Assets/AQUAS-Lite/Textures/Waves_HiRes.png
  artifactKey: Guid(0d05b23ea2d999b47825c6c522e25adc) Importer(815301076,1909f56bfc062723c751e8b465ee728b)
Start importing Assets/AQUAS-Lite/Textures/Waves_HiRes.png using Guid(0d05b23ea2d999b47825c6c522e25adc) Importer(815301076,1909f56bfc062723c751e8b465ee728b)  -> (artifact id: 'ffb03cf2c1c98896ba7bef924554933a') in 0.057115 seconds
Number of updated asset objects reloaded before import = 0
Number of asset objects unloaded after import = 2
========================================================================
Received Import Request.
  Time since last request: 13.518120 seconds.
  path: Assets/AQUAS-Lite/Demo/Textures/Cliffs_normal.jpg
  artifactKey: Guid(5e2137d62de0b4846ac0dd23bc393af0) Importer(815301076,1909f56bfc062723c751e8b465ee728b)
Start importing Assets/AQUAS-Lite/Demo/Textures/Cliffs_normal.jpg using Guid(5e2137d62de0b4846ac0dd23bc393af0) Importer(815301076,1909f56bfc062723c751e8b465ee728b)  -> (artifact id: 'e60de9cf75aeec8b39ae50af0f10b9a7') in 0.019320 seconds
Number of updated asset objects reloaded before import = 0
Number of asset objects unloaded after import = 2
========================================================================
Received Import Request.
  Time since last request: 0.000017 seconds.
  path: Assets/AQUAS-Lite/Demo/Textures/RockGrassy.jpg
  artifactKey: Guid(d64e707b7eb5d144fa11d381b14d1fa1) Importer(815301076,1909f56bfc062723c751e8b465ee728b)
Start importing Assets/AQUAS-Lite/Demo/Textures/RockGrassy.jpg using Guid(d64e707b7eb5d144fa11d381b14d1fa1) Importer(815301076,1909f56bfc062723c751e8b465ee728b)  -> (artifact id: 'e5603167b89d88f1a5802975b49d25ef') in 0.021725 seconds
Number of updated asset objects reloaded before import = 0
Number of asset objects unloaded after import = 2
========================================================================
Received Import Request.
  Time since last request: 0.000028 seconds.
  path: Assets/AQUAS-Lite/Demo/Textures/Grass.jpg
  artifactKey: Guid(34429bd1432eead4281c991a7f86aec7) Importer(815301076,1909f56bfc062723c751e8b465ee728b)
Start importing Assets/AQUAS-Lite/Demo/Textures/Grass.jpg using Guid(34429bd1432eead4281c991a7f86aec7) Importer(815301076,1909f56bfc062723c751e8b465ee728b)  -> (artifact id: 'a115e276a963db8c1564c2b79f12dd29') in 0.015735 seconds
Number of updated asset objects reloaded before import = 0
Number of asset objects unloaded after import = 2
========================================================================
Received Import Request.
  Time since last request: 0.000014 seconds.
  path: Assets/AQUAS-Lite/Demo/Textures/Gravel.jpg
  artifactKey: Guid(fe4e2613219b2654c82dd59079667fe6) Importer(815301076,1909f56bfc062723c751e8b465ee728b)
Start importing Assets/AQUAS-Lite/Demo/Textures/Gravel.jpg using Guid(fe4e2613219b2654c82dd59079667fe6) Importer(815301076,1909f56bfc062723c751e8b465ee728b)  -> (artifact id: 'f5417f3ce3816e52b289aa1c2649853b') in 0.016865 seconds
Number of updated asset objects reloaded before import = 0
Number of asset objects unloaded after import = 2
========================================================================
Received Import Request.
  Time since last request: 0.846187 seconds.
  path: Assets/AQUAS-Lite/Demo/Materials/Gravel.mat
  artifactKey: Guid(c0ef9e41cf7775647b771cfbad7f4be6) Importer(815301076,1909f56bfc062723c751e8b465ee728b)
Start importing Assets/AQUAS-Lite/Demo/Materials/Gravel.mat using Guid(c0ef9e41cf7775647b771cfbad7f4be6) Importer(815301076,1909f56bfc062723c751e8b465ee728b)  -> (artifact id: 'f7763fb96ed3c38d314dadba3e247f18') in 0.047919 seconds
Number of updated asset objects reloaded before import = 0
Number of asset objects unloaded after import = 2
========================================================================
Received Import Request.
  Time since last request: 449.560316 seconds.
  path: Assets/CreepyHeadlessStatue/textures/urp/stone/statueLow_headless_stone_AO.tga
  artifactKey: Guid(7456ba4b4701b9e4e99660d5a8284a49) Importer(815301076,1909f56bfc062723c751e8b465ee728b)
Start importing Assets/CreepyHeadlessStatue/textures/urp/stone/statueLow_headless_stone_AO.tga using Guid(7456ba4b4701b9e4e99660d5a8284a49) Importer(815301076,1909f56bfc062723c751e8b465ee728b)  -> (artifact id: 'defe693dd41240a745656136586b9332') in 0.033552 seconds
Number of updated asset objects reloaded before import = 0
Number of asset objects unloaded after import = 2
========================================================================
Received Import Request.
  Time since last request: 0.000021 seconds.
  path: Assets/CreepyHeadlessStatue/textures/urp/stone/statueLow_headless_stone_Normal.tga
  artifactKey: Guid(e2d1ecd985db3e4498b48afa925ced68) Importer(815301076,1909f56bfc062723c751e8b465ee728b)
Start importing Assets/CreepyHeadlessStatue/textures/urp/stone/statueLow_headless_stone_Normal.tga using Guid(e2d1ecd985db3e4498b48afa925ced68) Importer(815301076,1909f56bfc062723c751e8b465ee728b)  -> (artifact id: '742cea8c8468f100c91a69329222e4f6') in 0.064272 seconds
Number of updated asset objects reloaded before import = 0
Number of asset objects unloaded after import = 2
========================================================================
Received Import Request.
  Time since last request: 0.000031 seconds.
  path: Assets/CreepyHeadlessStatue/textures/urp/stone/statueLow_headless_stone_Height.tga
  artifactKey: Guid(04538e5fbdd7f0c44965a0f9687e8dc6) Importer(815301076,1909f56bfc062723c751e8b465ee728b)
Start importing Assets/CreepyHeadlessStatue/textures/urp/stone/statueLow_headless_stone_Height.tga using Guid(04538e5fbdd7f0c44965a0f9687e8dc6) Importer(815301076,1909f56bfc062723c751e8b465ee728b)  -> (artifact id: '24512a147438e2ae0ca526288700e820') in 0.021090 seconds
Number of updated asset objects reloaded before import = 0
Number of asset objects unloaded after import = 2
========================================================================
Received Import Request.
  Time since last request: 8.441203 seconds.
  path: Assets/CreepyHeadlessStatue/materials/HDRP/statueStone.mat
  artifactKey: Guid(1e463471b5ac43c41851d9381452b27e) Importer(815301076,1909f56bfc062723c751e8b465ee728b)
Start importing Assets/CreepyHeadlessStatue/materials/HDRP/statueStone.mat using Guid(1e463471b5ac43c41851d9381452b27e) Importer(815301076,1909f56bfc062723c751e8b465ee728b)  -> (artifact id: '25a62afda8a321eaac7f94363d63dfa6') in 0.224756 seconds
Number of updated asset objects reloaded before import = 0
Number of asset objects unloaded after import = 4
========================================================================
Received Import Request.
  Time since last request: 62.250355 seconds.
  path: Assets/CreepyHeadlessStatue/prefabs/hdrp/Creepy_headless_statueMetal.prefab
  artifactKey: Guid(d1e4ef7731522f540afceb63d8ed226c) Importer(815301076,1909f56bfc062723c751e8b465ee728b)
Start importing Assets/CreepyHeadlessStatue/prefabs/hdrp/Creepy_headless_statueMetal.prefab using Guid(d1e4ef7731522f540afceb63d8ed226c) Importer(815301076,1909f56bfc062723c751e8b465ee728b)  -> (artifact id: '69c3b90ce8a494e0bc3460a3a6bffb69') in 0.064432 seconds
Number of updated asset objects reloaded before import = 0
Number of asset objects unloaded after import = 30
========================================================================
Received Import Request.
  Time since last request: 1.674208 seconds.
  path: Assets/CreepyHeadlessStatue/prefabs/urp/Creepy_headless_statueMetal.prefab
  artifactKey: Guid(478707a1b5bc4e442a02e6ce4d2fd3f9) Importer(815301076,1909f56bfc062723c751e8b465ee728b)
Start importing Assets/CreepyHeadlessStatue/prefabs/urp/Creepy_headless_statueMetal.prefab using Guid(478707a1b5bc4e442a02e6ce4d2fd3f9) Importer(815301076,1909f56bfc062723c751e8b465ee728b)  -> (artifact id: 'a0852db1c912fe4eb6404a1840bad169') in 0.099968 seconds
Number of updated asset objects reloaded before import = 0
Number of asset objects unloaded after import = 35
========================================================================
Received Import Request.
  Time since last request: 3.589436 seconds.
  path: Assets/CreepyHeadlessStatue/scenes/demo/bentBackground.mat
  artifactKey: Guid(d431e38601a431b43b7462a351ba700f) Importer(815301076,1909f56bfc062723c751e8b465ee728b)
Start importing Assets/CreepyHeadlessStatue/scenes/demo/bentBackground.mat using Guid(d431e38601a431b43b7462a351ba700f) Importer(815301076,1909f56bfc062723c751e8b465ee728b)  -> (artifact id: 'c7fb3206f7c83d3e7f19329c1c51edbb') in 0.006596 seconds
Number of updated asset objects reloaded before import = 0
Number of asset objects unloaded after import = 1
========================================================================
Received Import Request.
  Time since last request: 0.000021 seconds.
  path: Assets/CreepyHeadlessStatue/scenes/demo/Sky and Fog Volume Profile.asset
  artifactKey: Guid(4f1db2b1ceaec174eb5d523ef0901415) Importer(815301076,1909f56bfc062723c751e8b465ee728b)
Start importing Assets/CreepyHeadlessStatue/scenes/demo/Sky and Fog Volume Profile.asset using Guid(4f1db2b1ceaec174eb5d523ef0901415) Importer(815301076,1909f56bfc062723c751e8b465ee728b)  -> (artifact id: '1eaf080445e4a2b1db5f01970050c618') in 0.001290 seconds
Number of updated asset objects reloaded before import = 0
Number of asset objects unloaded after import = 1
========================================================================
Received Import Request.
  Time since last request: 0.000013 seconds.
  path: Assets/CreepyHeadlessStatue/scenes/demo/ReflectionProbe-1.exr
  artifactKey: Guid(d3b36c543a6d83e4186a607a8c8b674b) Importer(815301076,1909f56bfc062723c751e8b465ee728b)
Start importing Assets/CreepyHeadlessStatue/scenes/demo/ReflectionProbe-1.exr using Guid(d3b36c543a6d83e4186a607a8c8b674b) Importer(815301076,1909f56bfc062723c751e8b465ee728b)  -> (artifact id: 'e5c1b8bcab54d5975571612ce5e861dc') in 0.025253 seconds
Number of updated asset objects reloaded before import = 0
Number of asset objects unloaded after import = 1
========================================================================
Received Import Request.
  Time since last request: 0.000020 seconds.
  path: Assets/CreepyHeadlessStatue/scenes/demo/ReflectionProbe-2.exr
  artifactKey: Guid(55e4ec0392812a64a843834bc3079359) Importer(815301076,1909f56bfc062723c751e8b465ee728b)
Start importing Assets/CreepyHeadlessStatue/scenes/demo/ReflectionProbe-2.exr using Guid(55e4ec0392812a64a843834bc3079359) Importer(815301076,1909f56bfc062723c751e8b465ee728b)  -> (artifact id: 'e46ec209235b9434be74e6c8d672620f') in 0.013414 seconds
Number of updated asset objects reloaded before import = 0
Number of asset objects unloaded after import = 1
========================================================================
Received Import Request.
  Time since last request: 22.146469 seconds.
  path: Assets/CreepyHeadlessStatue/textures/hdrp/metal/statueLow_headless_smetal_MaskMap.tga
  artifactKey: Guid(ee5e7bdfc8adb0a4db2b093b45174b11) Importer(815301076,1909f56bfc062723c751e8b465ee728b)
Start importing Assets/CreepyHeadlessStatue/textures/hdrp/metal/statueLow_headless_smetal_MaskMap.tga using Guid(ee5e7bdfc8adb0a4db2b093b45174b11) Importer(815301076,1909f56bfc062723c751e8b465ee728b)  -> (artifact id: '1a250aacf0b3226a118afc9a0427beef') in 0.041058 seconds
Number of updated asset objects reloaded before import = 0
Number of asset objects unloaded after import = 2
========================================================================
Received Import Request.
  Time since last request: 69.000315 seconds.
  path: Assets/CreepyHeadlessStatue/prefabs/urp/Creepy_headless_statueMetal.prefab
  artifactKey: Guid(478707a1b5bc4e442a02e6ce4d2fd3f9) Importer(815301076,1909f56bfc062723c751e8b465ee728b)
Start importing Assets/CreepyHeadlessStatue/prefabs/urp/Creepy_headless_statueMetal.prefab using Guid(478707a1b5bc4e442a02e6ce4d2fd3f9) Importer(815301076,1909f56bfc062723c751e8b465ee728b)  -> (artifact id: 'd17d0a7f9b6db07f3711c60850c82e40') in 0.010340 seconds
Number of updated asset objects reloaded before import = 0
Number of asset objects unloaded after import = 27
========================================================================
Received Import Request.
  Time since last request: 1.064598 seconds.
  path: Assets/CreepyHeadlessStatue/prefabs/hdrp/Creepy_headless_statueMetal.prefab
  artifactKey: Guid(d1e4ef7731522f540afceb63d8ed226c) Importer(815301076,1909f56bfc062723c751e8b465ee728b)
Start importing Assets/CreepyHeadlessStatue/prefabs/hdrp/Creepy_headless_statueMetal.prefab using Guid(d1e4ef7731522f540afceb63d8ed226c) Importer(815301076,1909f56bfc062723c751e8b465ee728b)  -> (artifact id: '60e67efd79aa9342a235f34cf400bc1d') in 0.010579 seconds
Number of updated asset objects reloaded before import = 0
Number of asset objects unloaded after import = 27
========================================================================
Received Import Request.
  Time since last request: 6.591465 seconds.
  path: Assets/CreepyHeadlessStatue/materials/URP/statueStone.mat
  artifactKey: Guid(cb4e75e485849b149a92cd47a0e8c695) Importer(815301076,1909f56bfc062723c751e8b465ee728b)
Start importing Assets/CreepyHeadlessStatue/materials/URP/statueStone.mat using Guid(cb4e75e485849b149a92cd47a0e8c695) Importer(815301076,1909f56bfc062723c751e8b465ee728b)  -> (artifact id: '3337a500ee72b82e43a3a8c11e545935') in 0.008766 seconds
Number of updated asset objects reloaded before import = 0
Number of asset objects unloaded after import = 1
========================================================================
Received Import Request.
  Time since last request: 0.526421 seconds.
  path: Assets/CreepyHeadlessStatue/materials/HDRP/statueStone.mat
  artifactKey: Guid(1e463471b5ac43c41851d9381452b27e) Importer(815301076,1909f56bfc062723c751e8b465ee728b)
Start importing Assets/CreepyHeadlessStatue/materials/HDRP/statueStone.mat using Guid(1e463471b5ac43c41851d9381452b27e) Importer(815301076,1909f56bfc062723c751e8b465ee728b)  -> (artifact id: 'f374dd5f4a47e844f9700552fddde902') in 0.006196 seconds
Number of updated asset objects reloaded before import = 0
Number of asset objects unloaded after import = 1
========================================================================
Received Prepare
Begin MonoManager ReloadAssembly
- Loaded All Assemblies, in  0.694 seconds
Refreshing native plugins compatible for Editor in 3.42 ms, found 3 plugins.
Native extension for WindowsStandalone target not found
[Package Manager] Server::EnsureServerProcessIsRunning -- launch failed, reason: Unity was launched with the -noUpm command-line argument
[Package Manager] UpmClient::Send -- Unable to send message (not connected to UPM process).
[Package Manager] Cannot connect to Unity Package Manager local server
Mono: successfully reloaded assembly
- Finished resetting the current domain, in  1.578 seconds
Domain Reload Profiling: 2267ms
	BeginReloadAssembly (236ms)
		ExecutionOrderSort (0ms)
		DisableScriptedObjects (5ms)
		BackupInstance (0ms)
		ReleaseScriptingObjects (0ms)
		CreateAndSetChildDomain (73ms)
	RebuildCommonClasses (46ms)
	RebuildNativeTypeToScriptingClass (13ms)
	initialDomainReloadingComplete (57ms)
	LoadAllAssembliesAndSetupDomain (337ms)
		LoadAssemblies (433ms)
		RebuildTransferFunctionScriptingTraits (0ms)
		AnalyzeDomain (23ms)
			TypeCache.Refresh (10ms)
				TypeCache.ScanAssembly (0ms)
			ScanForSourceGeneratedMonoScriptInfo (7ms)
			ResolveRequiredComponents (5ms)
	FinalizeReload (1579ms)
		ReleaseScriptCaches (0ms)
		RebuildScriptCaches (0ms)
		SetupLoadedEditorAssemblies (473ms)
			LogAssemblyErrors (0ms)
			InitializePlatformSupportModulesInManaged (8ms)
			SetLoadedEditorAssemblies (4ms)
			RefreshPlugins (0ms)
			BeforeProcessingInitializeOnLoad (80ms)
			ProcessInitializeOnLoadAttributes (349ms)
			ProcessInitializeOnLoadMethodAttributes (20ms)
			AfterProcessingInitializeOnLoad (10ms)
			EditorAssembliesLoaded (0ms)
		ExecutionOrderSort2 (0ms)
		AwakeInstancesAfterBackupRestoration (7ms)
Refreshing native plugins compatible for Editor in 5.90 ms, found 3 plugins.
Preloading 0 native plugins for Editor in 0.00 ms.
Unloading 3241 Unused Serialized files (Serialized files now loaded: 0)
Unloading 23 unused Assets / (101.8 KB). Loaded Objects now: 3847.
Memory consumption went from 125.8 MB to 125.7 MB.
Total: 7.928100 ms (FindLiveObjects: 0.761300 ms CreateObjectMapping: 0.513400 ms MarkObjects: 6.483900 ms  DeleteObjects: 0.167700 ms)

Prepare: number of updated asset objects reloaded= 0
AssetImportParameters requested are different than current active one (requested -> active):
  custom:container-demuxer-ogg: 62fdf1f143b41e24485cea50d1cbac27 -> 
  custom:video-codec-MediaFoundation-h265: 746d11721c4dcdbdad8f713fa42b33f4 -> 
  custom:video-decoder-ogg-theora: a1e56fd34408186e4bbccfd4996cb3dc -> 
  custom:framework-win-MediaFoundation: 216162199b28c13a410421893ffa2e32 -> 
  custom:CustomObjectIndexerAttribute: 756ad292c208cfabdd7b50bc23989ffe -> 
  custom:container-demuxer-webm: 4f35f7cbe854078d1ac9338744f61a02 -> 
  custom:container-muxer-webm: aa71ff27fc2769a1b78a27578f13a17b -> 
  custom:video-decoder-webm-vp8: 9c59270c3fd7afecdb556c50c9e8de78 -> 
  custom:SearchIndexIgnoredProperties: e643bd26f0fe6173181afceb89e7c659 -> 
  custom:AudioImporter_EditorPlatform: d09bf68614088b80899f8185d706f6e7 -> 
  custom:video-encoder-webm-vp8: eb34c28f22e8b96e1ab97ce403110664 -> 
  custom:audio-decoder-ogg-vorbis: bf7c407c2cedff20999df2af8eb42d56 -> 
  custom:audio-encoder-webm-vorbis: bf7c407c2cedff20999df2af8eb42d56 -> 
========================================================================
Received Import Request.
  Time since last request: 206.771765 seconds.
  path: Assets/Script/LevelLoader.cs
  artifactKey: Guid(f030c4d53afda324194528a49b83f62f) Importer(815301076,1909f56bfc062723c751e8b465ee728b)
Start importing Assets/Script/LevelLoader.cs using Guid(f030c4d53afda324194528a49b83f62f) Importer(815301076,1909f56bfc062723c751e8b465ee728b)  -> (artifact id: 'bea2152f266486e5fa4f0dcca13b210e') in 0.007893 seconds
Number of updated asset objects reloaded before import = 0
Number of asset objects unloaded after import = 0
========================================================================
Received Prepare
Begin MonoManager ReloadAssembly
- Loaded All Assemblies, in  0.468 seconds
Refreshing native plugins compatible for Editor in 3.58 ms, found 3 plugins.
Native extension for WindowsStandalone target not found
[Package Manager] Server::EnsureServerProcessIsRunning -- launch failed, reason: Unity was launched with the -noUpm command-line argument
[Package Manager] UpmClient::Send -- Unable to send message (not connected to UPM process).
[Package Manager] Cannot connect to Unity Package Manager local server
Mono: successfully reloaded assembly
- Finished resetting the current domain, in  1.006 seconds
Domain Reload Profiling: 1471ms
	BeginReloadAssembly (180ms)
		ExecutionOrderSort (0ms)
		DisableScriptedObjects (5ms)
		BackupInstance (0ms)
		ReleaseScriptingObjects (0ms)
		CreateAndSetChildDomain (40ms)
	RebuildCommonClasses (30ms)
	RebuildNativeTypeToScriptingClass (9ms)
	initialDomainReloadingComplete (30ms)
	LoadAllAssembliesAndSetupDomain (215ms)
		LoadAssemblies (292ms)
		RebuildTransferFunctionScriptingTraits (0ms)
		AnalyzeDomain (18ms)
			TypeCache.Refresh (7ms)
				TypeCache.ScanAssembly (0ms)
			ScanForSourceGeneratedMonoScriptInfo (6ms)
			ResolveRequiredComponents (4ms)
	FinalizeReload (1006ms)
		ReleaseScriptCaches (0ms)
		RebuildScriptCaches (0ms)
		SetupLoadedEditorAssemblies (360ms)
			LogAssemblyErrors (0ms)
			InitializePlatformSupportModulesInManaged (8ms)
			SetLoadedEditorAssemblies (3ms)
			RefreshPlugins (0ms)
			BeforeProcessingInitializeOnLoad (63ms)
			ProcessInitializeOnLoadAttributes (262ms)
			ProcessInitializeOnLoadMethodAttributes (16ms)
			AfterProcessingInitializeOnLoad (7ms)
			EditorAssembliesLoaded (0ms)
		ExecutionOrderSort2 (0ms)
		AwakeInstancesAfterBackupRestoration (6ms)
Refreshing native plugins compatible for Editor in 2.90 ms, found 3 plugins.
Preloading 0 native plugins for Editor in 0.00 ms.
Unloading 3241 Unused Serialized files (Serialized files now loaded: 0)
Unloading 23 unused Assets / (101.8 KB). Loaded Objects now: 3862.
Memory consumption went from 125.8 MB to 125.7 MB.
Total: 3.657000 ms (FindLiveObjects: 0.371000 ms CreateObjectMapping: 0.308100 ms MarkObjects: 2.909600 ms  DeleteObjects: 0.066700 ms)

Prepare: number of updated asset objects reloaded= 0
AssetImportParameters requested are different than current active one (requested -> active):
  custom:container-demuxer-ogg: 62fdf1f143b41e24485cea50d1cbac27 -> 
  custom:video-codec-MediaFoundation-h265: 746d11721c4dcdbdad8f713fa42b33f4 -> 
  custom:video-decoder-ogg-theora: a1e56fd34408186e4bbccfd4996cb3dc -> 
  custom:framework-win-MediaFoundation: 216162199b28c13a410421893ffa2e32 -> 
  custom:CustomObjectIndexerAttribute: 756ad292c208cfabdd7b50bc23989ffe -> 
  custom:container-demuxer-webm: 4f35f7cbe854078d1ac9338744f61a02 -> 
  custom:container-muxer-webm: aa71ff27fc2769a1b78a27578f13a17b -> 
  custom:video-decoder-webm-vp8: 9c59270c3fd7afecdb556c50c9e8de78 -> 
  custom:SearchIndexIgnoredProperties: e643bd26f0fe6173181afceb89e7c659 -> 
  custom:AudioImporter_EditorPlatform: d09bf68614088b80899f8185d706f6e7 -> 
  custom:video-encoder-webm-vp8: eb34c28f22e8b96e1ab97ce403110664 -> 
  custom:audio-decoder-ogg-vorbis: bf7c407c2cedff20999df2af8eb42d56 -> 
  custom:audio-encoder-webm-vorbis: bf7c407c2cedff20999df2af8eb42d56 -> 
========================================================================
Received Prepare
Begin MonoManager ReloadAssembly
- Loaded All Assemblies, in  0.408 seconds
Refreshing native plugins compatible for Editor in 3.16 ms, found 3 plugins.
Native extension for WindowsStandalone target not found
[Package Manager] Server::EnsureServerProcessIsRunning -- launch failed, reason: Unity was launched with the -noUpm command-line argument
[Package Manager] UpmClient::Send -- Unable to send message (not connected to UPM process).
[Package Manager] Cannot connect to Unity Package Manager local server
Mono: successfully reloaded assembly
- Finished resetting the current domain, in  0.851 seconds
Domain Reload Profiling: 1257ms
	BeginReloadAssembly (146ms)
		ExecutionOrderSort (0ms)
		DisableScriptedObjects (5ms)
		BackupInstance (0ms)
		ReleaseScriptingObjects (0ms)
		CreateAndSetChildDomain (31ms)
	RebuildCommonClasses (25ms)
	RebuildNativeTypeToScriptingClass (8ms)
	initialDomainReloadingComplete (25ms)
	LoadAllAssembliesAndSetupDomain (201ms)
		LoadAssemblies (262ms)
		RebuildTransferFunctionScriptingTraits (0ms)
		AnalyzeDomain (20ms)
			TypeCache.Refresh (8ms)
				TypeCache.ScanAssembly (0ms)
			ScanForSourceGeneratedMonoScriptInfo (6ms)
			ResolveRequiredComponents (5ms)
	FinalizeReload (851ms)
		ReleaseScriptCaches (0ms)
		RebuildScriptCaches (0ms)
		SetupLoadedEditorAssemblies (324ms)
			LogAssemblyErrors (0ms)
			InitializePlatformSupportModulesInManaged (6ms)
			SetLoadedEditorAssemblies (3ms)
			RefreshPlugins (0ms)
			BeforeProcessingInitializeOnLoad (53ms)
			ProcessInitializeOnLoadAttributes (239ms)
			ProcessInitializeOnLoadMethodAttributes (15ms)
			AfterProcessingInitializeOnLoad (8ms)
			EditorAssembliesLoaded (0ms)
		ExecutionOrderSort2 (0ms)
		AwakeInstancesAfterBackupRestoration (6ms)
Refreshing native plugins compatible for Editor in 3.01 ms, found 3 plugins.
Preloading 0 native plugins for Editor in 0.00 ms.
Unloading 3243 Unused Serialized files (Serialized files now loaded: 0)
Unloading 23 unused Assets / (101.8 KB). Loaded Objects now: 3878.
Memory consumption went from 126.1 MB to 126.0 MB.
Total: 2.949200 ms (FindLiveObjects: 0.250800 ms CreateObjectMapping: 0.176500 ms MarkObjects: 2.461500 ms  DeleteObjects: 0.059500 ms)

Prepare: number of updated asset objects reloaded= 0
AssetImportParameters requested are different than current active one (requested -> active):
  custom:container-demuxer-ogg: 62fdf1f143b41e24485cea50d1cbac27 -> 
  custom:video-codec-MediaFoundation-h265: 746d11721c4dcdbdad8f713fa42b33f4 -> 
  custom:video-decoder-ogg-theora: a1e56fd34408186e4bbccfd4996cb3dc -> 
  custom:framework-win-MediaFoundation: 216162199b28c13a410421893ffa2e32 -> 
  custom:CustomObjectIndexerAttribute: 756ad292c208cfabdd7b50bc23989ffe -> 
  custom:container-demuxer-webm: 4f35f7cbe854078d1ac9338744f61a02 -> 
  custom:container-muxer-webm: aa71ff27fc2769a1b78a27578f13a17b -> 
  custom:video-decoder-webm-vp8: 9c59270c3fd7afecdb556c50c9e8de78 -> 
  custom:SearchIndexIgnoredProperties: e643bd26f0fe6173181afceb89e7c659 -> 
  custom:AudioImporter_EditorPlatform: d09bf68614088b80899f8185d706f6e7 -> 
  custom:video-encoder-webm-vp8: eb34c28f22e8b96e1ab97ce403110664 -> 
  custom:audio-decoder-ogg-vorbis: bf7c407c2cedff20999df2af8eb42d56 -> 
  custom:audio-encoder-webm-vorbis: bf7c407c2cedff20999df2af8eb42d56 -> 
========================================================================
Received Prepare
Begin MonoManager ReloadAssembly
- Loaded All Assemblies, in  0.394 seconds
Refreshing native plugins compatible for Editor in 2.80 ms, found 3 plugins.
Native extension for WindowsStandalone target not found
[Package Manager] Server::EnsureServerProcessIsRunning -- launch failed, reason: Unity was launched with the -noUpm command-line argument
[Package Manager] UpmClient::Send -- Unable to send message (not connected to UPM process).
[Package Manager] Cannot connect to Unity Package Manager local server
Mono: successfully reloaded assembly
- Finished resetting the current domain, in  0.867 seconds
Domain Reload Profiling: 1259ms
	BeginReloadAssembly (144ms)
		ExecutionOrderSort (0ms)
		DisableScriptedObjects (5ms)
		BackupInstance (0ms)
		ReleaseScriptingObjects (0ms)
		CreateAndSetChildDomain (35ms)
	RebuildCommonClasses (26ms)
	RebuildNativeTypeToScriptingClass (8ms)
	initialDomainReloadingComplete (25ms)
	LoadAllAssembliesAndSetupDomain (188ms)
		LoadAssemblies (242ms)
		RebuildTransferFunctionScriptingTraits (0ms)
		AnalyzeDomain (22ms)
			TypeCache.Refresh (8ms)
				TypeCache.ScanAssembly (0ms)
			ScanForSourceGeneratedMonoScriptInfo (8ms)
			ResolveRequiredComponents (4ms)
	FinalizeReload (868ms)
		ReleaseScriptCaches (0ms)
		RebuildScriptCaches (0ms)
		SetupLoadedEditorAssemblies (348ms)
			LogAssemblyErrors (0ms)
			InitializePlatformSupportModulesInManaged (7ms)
			SetLoadedEditorAssemblies (2ms)
			RefreshPlugins (0ms)
			BeforeProcessingInitializeOnLoad (54ms)
			ProcessInitializeOnLoadAttributes (262ms)
			ProcessInitializeOnLoadMethodAttributes (15ms)
			AfterProcessingInitializeOnLoad (7ms)
			EditorAssembliesLoaded (0ms)
		ExecutionOrderSort2 (0ms)
		AwakeInstancesAfterBackupRestoration (5ms)
Refreshing native plugins compatible for Editor in 2.73 ms, found 3 plugins.
Preloading 0 native plugins for Editor in 0.00 ms.
Unloading 3243 Unused Serialized files (Serialized files now loaded: 0)
Unloading 23 unused Assets / (101.8 KB). Loaded Objects now: 3893.
Memory consumption went from 126.1 MB to 126.0 MB.
Total: 2.783000 ms (FindLiveObjects: 0.242300 ms CreateObjectMapping: 0.160600 ms MarkObjects: 2.320600 ms  DeleteObjects: 0.058600 ms)

Prepare: number of updated asset objects reloaded= 0
AssetImportParameters requested are different than current active one (requested -> active):
  custom:container-demuxer-ogg: 62fdf1f143b41e24485cea50d1cbac27 -> 
  custom:video-codec-MediaFoundation-h265: 746d11721c4dcdbdad8f713fa42b33f4 -> 
  custom:video-decoder-ogg-theora: a1e56fd34408186e4bbccfd4996cb3dc -> 
  custom:framework-win-MediaFoundation: 216162199b28c13a410421893ffa2e32 -> 
  custom:CustomObjectIndexerAttribute: 756ad292c208cfabdd7b50bc23989ffe -> 
  custom:container-demuxer-webm: 4f35f7cbe854078d1ac9338744f61a02 -> 
  custom:container-muxer-webm: aa71ff27fc2769a1b78a27578f13a17b -> 
  custom:video-decoder-webm-vp8: 9c59270c3fd7afecdb556c50c9e8de78 -> 
  custom:SearchIndexIgnoredProperties: e643bd26f0fe6173181afceb89e7c659 -> 
  custom:AudioImporter_EditorPlatform: d09bf68614088b80899f8185d706f6e7 -> 
  custom:video-encoder-webm-vp8: eb34c28f22e8b96e1ab97ce403110664 -> 
  custom:audio-decoder-ogg-vorbis: bf7c407c2cedff20999df2af8eb42d56 -> 
  custom:audio-encoder-webm-vorbis: bf7c407c2cedff20999df2af8eb42d56 -> 
